This is pdfTeX, Version 3.14159265-2.6-1.40.19 (MiKTeX 2.9.6630 64-bit) (preloaded format=pdflatex 2018.6.6)  12 SEP 2018 17:29
entering extended mode
**./Thesis.tex
(Thesis.tex
LaTeX2e <2017-04-15>
Babel <3.18> and hyphenation patterns for 75 language(s) loaded.
("C:\Users\user\AppData\Local\Programs\MiKTeX 2.9\tex\latex\base\report.cls"
Document Class: report 2014/09/29 v1.4h Standard LaTeX document class
("C:\Users\user\AppData\Local\Programs\MiKTeX 2.9\tex\latex\base\size10.clo"
File: size10.clo 2014/09/29 v1.4h Standard LaTeX file (size option)
)
\c@part=\count79
\c@chapter=\count80
\c@section=\count81
\c@subsection=\count82
\c@subsubsection=\count83
\c@paragraph=\count84
\c@subparagraph=\count85
\c@figure=\count86
\c@table=\count87
\abovecaptionskip=\skip41
\belowcaptionskip=\skip42
\bibindent=\dimen102
)
(Thesis_Preamble.tex
("C:\Users\user\AppData\Local\Programs\MiKTeX 2.9\tex\latex\base\inputenc.sty"
Package: inputenc 2015/03/17 v1.2c Input encoding file
\inpenc@prehook=\toks14
\inpenc@posthook=\toks15

("C:\Users\user\AppData\Local\Programs\MiKTeX 2.9\tex\latex\base\utf8.def"
File: utf8.def 2017/01/28 v1.1t UTF-8 support for inputenc
Now handling font encoding OML ...
... no UTF-8 mapping file for font encoding OML
Now handling font encoding T1 ...
... processing UTF-8 mapping file for font encoding T1

("C:\Users\user\AppData\Local\Programs\MiKTeX 2.9\tex\latex\base\t1enc.dfu"
File: t1enc.dfu 2017/01/28 v1.1t UTF-8 support for inputenc
   defining Unicode char U+00A0 (decimal 160)
   defining Unicode char U+00A1 (decimal 161)
   defining Unicode char U+00A3 (decimal 163)
   defining Unicode char U+00AB (decimal 171)
   defining Unicode char U+00AD (decimal 173)
   defining Unicode char U+00BB (decimal 187)
   defining Unicode char U+00BF (decimal 191)
   defining Unicode char U+00C0 (decimal 192)
   defining Unicode char U+00C1 (decimal 193)
   defining Unicode char U+00C2 (decimal 194)
   defining Unicode char U+00C3 (decimal 195)
   defining Unicode char U+00C4 (decimal 196)
   defining Unicode char U+00C5 (decimal 197)
   defining Unicode char U+00C6 (decimal 198)
   defining Unicode char U+00C7 (decimal 199)
   defining Unicode char U+00C8 (decimal 200)
   defining Unicode char U+00C9 (decimal 201)
   defining Unicode char U+00CA (decimal 202)
   defining Unicode char U+00CB (decimal 203)
   defining Unicode char U+00CC (decimal 204)
   defining Unicode char U+00CD (decimal 205)
   defining Unicode char U+00CE (decimal 206)
   defining Unicode char U+00CF (decimal 207)
   defining Unicode char U+00D0 (decimal 208)
   defining Unicode char U+00D1 (decimal 209)
   defining Unicode char U+00D2 (decimal 210)
   defining Unicode char U+00D3 (decimal 211)
   defining Unicode char U+00D4 (decimal 212)
   defining Unicode char U+00D5 (decimal 213)
   defining Unicode char U+00D6 (decimal 214)
   defining Unicode char U+00D8 (decimal 216)
   defining Unicode char U+00D9 (decimal 217)
   defining Unicode char U+00DA (decimal 218)
   defining Unicode char U+00DB (decimal 219)
   defining Unicode char U+00DC (decimal 220)
   defining Unicode char U+00DD (decimal 221)
   defining Unicode char U+00DE (decimal 222)
   defining Unicode char U+00DF (decimal 223)
   defining Unicode char U+00E0 (decimal 224)
   defining Unicode char U+00E1 (decimal 225)
   defining Unicode char U+00E2 (decimal 226)
   defining Unicode char U+00E3 (decimal 227)
   defining Unicode char U+00E4 (decimal 228)
   defining Unicode char U+00E5 (decimal 229)
   defining Unicode char U+00E6 (decimal 230)
   defining Unicode char U+00E7 (decimal 231)
   defining Unicode char U+00E8 (decimal 232)
   defining Unicode char U+00E9 (decimal 233)
   defining Unicode char U+00EA (decimal 234)
   defining Unicode char U+00EB (decimal 235)
   defining Unicode char U+00EC (decimal 236)
   defining Unicode char U+00ED (decimal 237)
   defining Unicode char U+00EE (decimal 238)
   defining Unicode char U+00EF (decimal 239)
   defining Unicode char U+00F0 (decimal 240)
   defining Unicode char U+00F1 (decimal 241)
   defining Unicode char U+00F2 (decimal 242)
   defining Unicode char U+00F3 (decimal 243)
   defining Unicode char U+00F4 (decimal 244)
   defining Unicode char U+00F5 (decimal 245)
   defining Unicode char U+00F6 (decimal 246)
   defining Unicode char U+00F8 (decimal 248)
   defining Unicode char U+00F9 (decimal 249)
   defining Unicode char U+00FA (decimal 250)
   defining Unicode char U+00FB (decimal 251)
   defining Unicode char U+00FC (decimal 252)
   defining Unicode char U+00FD (decimal 253)
   defining Unicode char U+00FE (decimal 254)
   defining Unicode char U+00FF (decimal 255)
   defining Unicode char U+0100 (decimal 256)
   defining Unicode char U+0101 (decimal 257)
   defining Unicode char U+0102 (decimal 258)
   defining Unicode char U+0103 (decimal 259)
   defining Unicode char U+0104 (decimal 260)
   defining Unicode char U+0105 (decimal 261)
   defining Unicode char U+0106 (decimal 262)
   defining Unicode char U+0107 (decimal 263)
   defining Unicode char U+0108 (decimal 264)
   defining Unicode char U+0109 (decimal 265)
   defining Unicode char U+010A (decimal 266)
   defining Unicode char U+010B (decimal 267)
   defining Unicode char U+010C (decimal 268)
   defining Unicode char U+010D (decimal 269)
   defining Unicode char U+010E (decimal 270)
   defining Unicode char U+010F (decimal 271)
   defining Unicode char U+0110 (decimal 272)
   defining Unicode char U+0111 (decimal 273)
   defining Unicode char U+0112 (decimal 274)
   defining Unicode char U+0113 (decimal 275)
   defining Unicode char U+0114 (decimal 276)
   defining Unicode char U+0115 (decimal 277)
   defining Unicode char U+0116 (decimal 278)
   defining Unicode char U+0117 (decimal 279)
   defining Unicode char U+0118 (decimal 280)
   defining Unicode char U+0119 (decimal 281)
   defining Unicode char U+011A (decimal 282)
   defining Unicode char U+011B (decimal 283)
   defining Unicode char U+011C (decimal 284)
   defining Unicode char U+011D (decimal 285)
   defining Unicode char U+011E (decimal 286)
   defining Unicode char U+011F (decimal 287)
   defining Unicode char U+0120 (decimal 288)
   defining Unicode char U+0121 (decimal 289)
   defining Unicode char U+0122 (decimal 290)
   defining Unicode char U+0123 (decimal 291)
   defining Unicode char U+0124 (decimal 292)
   defining Unicode char U+0125 (decimal 293)
   defining Unicode char U+0128 (decimal 296)
   defining Unicode char U+0129 (decimal 297)
   defining Unicode char U+012A (decimal 298)
   defining Unicode char U+012B (decimal 299)
   defining Unicode char U+012C (decimal 300)
   defining Unicode char U+012D (decimal 301)
   defining Unicode char U+012E (decimal 302)
   defining Unicode char U+012F (decimal 303)
   defining Unicode char U+0130 (decimal 304)
   defining Unicode char U+0131 (decimal 305)
   defining Unicode char U+0132 (decimal 306)
   defining Unicode char U+0133 (decimal 307)
   defining Unicode char U+0134 (decimal 308)
   defining Unicode char U+0135 (decimal 309)
   defining Unicode char U+0136 (decimal 310)
   defining Unicode char U+0137 (decimal 311)
   defining Unicode char U+0139 (decimal 313)
   defining Unicode char U+013A (decimal 314)
   defining Unicode char U+013B (decimal 315)
   defining Unicode char U+013C (decimal 316)
   defining Unicode char U+013D (decimal 317)
   defining Unicode char U+013E (decimal 318)
   defining Unicode char U+0141 (decimal 321)
   defining Unicode char U+0142 (decimal 322)
   defining Unicode char U+0143 (decimal 323)
   defining Unicode char U+0144 (decimal 324)
   defining Unicode char U+0145 (decimal 325)
   defining Unicode char U+0146 (decimal 326)
   defining Unicode char U+0147 (decimal 327)
   defining Unicode char U+0148 (decimal 328)
   defining Unicode char U+014A (decimal 330)
   defining Unicode char U+014B (decimal 331)
   defining Unicode char U+014C (decimal 332)
   defining Unicode char U+014D (decimal 333)
   defining Unicode char U+014E (decimal 334)
   defining Unicode char U+014F (decimal 335)
   defining Unicode char U+0150 (decimal 336)
   defining Unicode char U+0151 (decimal 337)
   defining Unicode char U+0152 (decimal 338)
   defining Unicode char U+0153 (decimal 339)
   defining Unicode char U+0154 (decimal 340)
   defining Unicode char U+0155 (decimal 341)
   defining Unicode char U+0156 (decimal 342)
   defining Unicode char U+0157 (decimal 343)
   defining Unicode char U+0158 (decimal 344)
   defining Unicode char U+0159 (decimal 345)
   defining Unicode char U+015A (decimal 346)
   defining Unicode char U+015B (decimal 347)
   defining Unicode char U+015C (decimal 348)
   defining Unicode char U+015D (decimal 349)
   defining Unicode char U+015E (decimal 350)
   defining Unicode char U+015F (decimal 351)
   defining Unicode char U+0160 (decimal 352)
   defining Unicode char U+0161 (decimal 353)
   defining Unicode char U+0162 (decimal 354)
   defining Unicode char U+0163 (decimal 355)
   defining Unicode char U+0164 (decimal 356)
   defining Unicode char U+0165 (decimal 357)
   defining Unicode char U+0168 (decimal 360)
   defining Unicode char U+0169 (decimal 361)
   defining Unicode char U+016A (decimal 362)
   defining Unicode char U+016B (decimal 363)
   defining Unicode char U+016C (decimal 364)
   defining Unicode char U+016D (decimal 365)
   defining Unicode char U+016E (decimal 366)
   defining Unicode char U+016F (decimal 367)
   defining Unicode char U+0170 (decimal 368)
   defining Unicode char U+0171 (decimal 369)
   defining Unicode char U+0172 (decimal 370)
   defining Unicode char U+0173 (decimal 371)
   defining Unicode char U+0174 (decimal 372)
   defining Unicode char U+0175 (decimal 373)
   defining Unicode char U+0176 (decimal 374)
   defining Unicode char U+0177 (decimal 375)
   defining Unicode char U+0178 (decimal 376)
   defining Unicode char U+0179 (decimal 377)
   defining Unicode char U+017A (decimal 378)
   defining Unicode char U+017B (decimal 379)
   defining Unicode char U+017C (decimal 380)
   defining Unicode char U+017D (decimal 381)
   defining Unicode char U+017E (decimal 382)
   defining Unicode char U+01CD (decimal 461)
   defining Unicode char U+01CE (decimal 462)
   defining Unicode char U+01CF (decimal 463)
   defining Unicode char U+01D0 (decimal 464)
   defining Unicode char U+01D1 (decimal 465)
   defining Unicode char U+01D2 (decimal 466)
   defining Unicode char U+01D3 (decimal 467)
   defining Unicode char U+01D4 (decimal 468)
   defining Unicode char U+01E2 (decimal 482)
   defining Unicode char U+01E3 (decimal 483)
   defining Unicode char U+01E6 (decimal 486)
   defining Unicode char U+01E7 (decimal 487)
   defining Unicode char U+01E8 (decimal 488)
   defining Unicode char U+01E9 (decimal 489)
   defining Unicode char U+01EA (decimal 490)
   defining Unicode char U+01EB (decimal 491)
   defining Unicode char U+01F0 (decimal 496)
   defining Unicode char U+01F4 (decimal 500)
   defining Unicode char U+01F5 (decimal 501)
   defining Unicode char U+0218 (decimal 536)
   defining Unicode char U+0219 (decimal 537)
   defining Unicode char U+021A (decimal 538)
   defining Unicode char U+021B (decimal 539)
   defining Unicode char U+0232 (decimal 562)
   defining Unicode char U+0233 (decimal 563)
   defining Unicode char U+1E02 (decimal 7682)
   defining Unicode char U+1E03 (decimal 7683)
   defining Unicode char U+200C (decimal 8204)
   defining Unicode char U+2010 (decimal 8208)
   defining Unicode char U+2011 (decimal 8209)
   defining Unicode char U+2012 (decimal 8210)
   defining Unicode char U+2013 (decimal 8211)
   defining Unicode char U+2014 (decimal 8212)
   defining Unicode char U+2015 (decimal 8213)
   defining Unicode char U+2018 (decimal 8216)
   defining Unicode char U+2019 (decimal 8217)
   defining Unicode char U+201A (decimal 8218)
   defining Unicode char U+201C (decimal 8220)
   defining Unicode char U+201D (decimal 8221)
   defining Unicode char U+201E (decimal 8222)
   defining Unicode char U+2030 (decimal 8240)
   defining Unicode char U+2031 (decimal 8241)
   defining Unicode char U+2039 (decimal 8249)
   defining Unicode char U+203A (decimal 8250)
   defining Unicode char U+2423 (decimal 9251)
   defining Unicode char U+1E20 (decimal 7712)
   defining Unicode char U+1E21 (decimal 7713)
)
Now handling font encoding OT1 ...
... processing UTF-8 mapping file for font encoding OT1

("C:\Users\user\AppData\Local\Programs\MiKTeX 2.9\tex\latex\base\ot1enc.dfu"
File: ot1enc.dfu 2017/01/28 v1.1t UTF-8 support for inputenc
   defining Unicode char U+00A0 (decimal 160)
   defining Unicode char U+00A1 (decimal 161)
   defining Unicode char U+00A3 (decimal 163)
   defining Unicode char U+00AD (decimal 173)
   defining Unicode char U+00B8 (decimal 184)
   defining Unicode char U+00BF (decimal 191)
   defining Unicode char U+00C5 (decimal 197)
   defining Unicode char U+00C6 (decimal 198)
   defining Unicode char U+00D8 (decimal 216)
   defining Unicode char U+00DF (decimal 223)
   defining Unicode char U+00E6 (decimal 230)
   defining Unicode char U+00EC (decimal 236)
   defining Unicode char U+00ED (decimal 237)
   defining Unicode char U+00EE (decimal 238)
   defining Unicode char U+00EF (decimal 239)
   defining Unicode char U+00F8 (decimal 248)
   defining Unicode char U+0131 (decimal 305)
   defining Unicode char U+0141 (decimal 321)
   defining Unicode char U+0142 (decimal 322)
   defining Unicode char U+0152 (decimal 338)
   defining Unicode char U+0153 (decimal 339)
   defining Unicode char U+0174 (decimal 372)
   defining Unicode char U+0175 (decimal 373)
   defining Unicode char U+0176 (decimal 374)
   defining Unicode char U+0177 (decimal 375)
   defining Unicode char U+0218 (decimal 536)
   defining Unicode char U+0219 (decimal 537)
   defining Unicode char U+021A (decimal 538)
   defining Unicode char U+021B (decimal 539)
   defining Unicode char U+2013 (decimal 8211)
   defining Unicode char U+2014 (decimal 8212)
   defining Unicode char U+2018 (decimal 8216)
   defining Unicode char U+2019 (decimal 8217)
   defining Unicode char U+201C (decimal 8220)
   defining Unicode char U+201D (decimal 8221)
)
Now handling font encoding OMS ...
... processing UTF-8 mapping file for font encoding OMS

("C:\Users\user\AppData\Local\Programs\MiKTeX 2.9\tex\latex\base\omsenc.dfu"
File: omsenc.dfu 2017/01/28 v1.1t UTF-8 support for inputenc
   defining Unicode char U+00A7 (decimal 167)
   defining Unicode char U+00B6 (decimal 182)
   defining Unicode char U+00B7 (decimal 183)
   defining Unicode char U+2020 (decimal 8224)
   defining Unicode char U+2021 (decimal 8225)
   defining Unicode char U+2022 (decimal 8226)
)
Now handling font encoding OMX ...
... no UTF-8 mapping file for font encoding OMX
Now handling font encoding U ...
... no UTF-8 mapping file for font encoding U
   defining Unicode char U+00A9 (decimal 169)
   defining Unicode char U+00AA (decimal 170)
   defining Unicode char U+00AE (decimal 174)
   defining Unicode char U+00BA (decimal 186)
   defining Unicode char U+02C6 (decimal 710)
   defining Unicode char U+02DC (decimal 732)
   defining Unicode char U+200C (decimal 8204)
   defining Unicode char U+2026 (decimal 8230)
   defining Unicode char U+2122 (decimal 8482)
   defining Unicode char U+2423 (decimal 9251)
)) ("C:\Users\user\AppData\Local\Programs\MiKTeX 2.9\tex\generic\babel\babel.st
y"
Package: babel 2018/02/14 3.18 The Babel package
("C:\Users\user\AppData\Local\Programs\MiKTeX 2.9\tex\generic\babel\switch.def"
File: switch.def 2018/02/14 3.18 Babel switching mechanism
)
*************************************
* Local config file bblopts.cfg used
*
("C:\Users\user\AppData\Local\Programs\MiKTeX 2.9\tex\latex\arabi\bblopts.cfg"
File: bblopts.cfg 2005/09/08 v0.1 add Arabic and Farsi to "declared" options of
 babel
)
("C:\Users\user\AppData\Local\Programs\MiKTeX 2.9\tex\latex\babel-english\engli
sh.ldf"
Language: english 2017/06/06 v3.3r English support from the babel system

("C:\Users\user\AppData\Local\Programs\MiKTeX 2.9\tex\generic\babel\babel.def"
File: babel.def 2018/02/14 3.18 Babel common definitions
\babel@savecnt=\count88
\U@D=\dimen103

("C:\Users\user\AppData\Local\Programs\MiKTeX 2.9\tex\generic\babel\txtbabel.de
f")
\bbl@dirlevel=\count89
)
\l@canadian = a dialect from \language\l@american 
\l@australian = a dialect from \language\l@british 
\l@newzealand = a dialect from \language\l@british 
))
("C:\Users\user\AppData\Local\Programs\MiKTeX 2.9\tex\latex\amscls\amsthm.sty"
Package: amsthm 2017/10/31 v2.20.4
\thm@style=\toks16
\thm@bodyfont=\toks17
\thm@headfont=\toks18
\thm@notefont=\toks19
\thm@headpunct=\toks20
\thm@preskip=\skip43
\thm@postskip=\skip44
\thm@headsep=\skip45
\dth@everypar=\toks21
) ("C:\Users\user\AppData\Local\Programs\MiKTeX 2.9\tex\latex\xcolor\xcolor.sty
"
Package: xcolor 2016/05/11 v2.12 LaTeX color extensions (UK)

("C:\Users\user\AppData\Local\Programs\MiKTeX 2.9\tex\latex\graphics-cfg\color.
cfg"
File: color.cfg 2016/01/02 v1.6 sample color configuration
)
Package xcolor Info: Driver file: pdftex.def on input line 225.

("C:\Users\user\AppData\Local\Programs\MiKTeX 2.9\tex\latex\graphics-def\pdftex
.def"
File: pdftex.def 2018/01/08 v1.0l Graphics/color driver for pdftex
)
Package xcolor Info: Model `cmy' substituted by `cmy0' on input line 1348.
Package xcolor Info: Model `hsb' substituted by `rgb' on input line 1352.
Package xcolor Info: Model `RGB' extended on input line 1364.
Package xcolor Info: Model `HTML' substituted by `rgb' on input line 1366.
Package xcolor Info: Model `Hsb' substituted by `hsb' on input line 1367.
Package xcolor Info: Model `tHsb' substituted by `hsb' on input line 1368.
Package xcolor Info: Model `HSB' substituted by `hsb' on input line 1369.
Package xcolor Info: Model `Gray' substituted by `gray' on input line 1370.
Package xcolor Info: Model `wave' substituted by `hsb' on input line 1371.
)
("C:\Users\user\AppData\Local\Programs\MiKTeX 2.9\tex\latex\multirow\bigdelim.s
ty"
Package: bigdelim 2016/11/25 v2.2 Create big delimiters in tabular or array

("C:\Users\user\AppData\Local\Programs\MiKTeX 2.9\tex\latex\multirow\multirow.s
ty"
Package: multirow 2016/11/25 v2.2 Span multiple rows of a table
\multirow@colwidth=\skip46
\multirow@cntb=\count90
\multirow@dima=\skip47
\bigstrutjot=\dimen104
))
\c@prop=\count91
\c@defi=\count92

("C:\Users\user\AppData\Local\Programs\MiKTeX 2.9\tex\latex\geometry\geometry.s
ty"
Package: geometry 2010/09/12 v5.6 Page Geometry

("C:\Users\user\AppData\Local\Programs\MiKTeX 2.9\tex\latex\graphics\keyval.sty
"
Package: keyval 2014/10/28 v1.15 key=value parser (DPC)
\KV@toks@=\toks22
)
("C:\Users\user\AppData\Local\Programs\MiKTeX 2.9\tex\generic\oberdiek\ifpdf.st
y"
Package: ifpdf 2017/03/15 v3.2 Provides the ifpdf switch
)
("C:\Users\user\AppData\Local\Programs\MiKTeX 2.9\tex\generic\oberdiek\ifvtex.s
ty"
Package: ifvtex 2016/05/16 v1.6 Detect VTeX and its facilities (HO)
Package ifvtex Info: VTeX not detected.
)
("C:\Users\user\AppData\Local\Programs\MiKTeX 2.9\tex\generic\ifxetex\ifxetex.s
ty"
Package: ifxetex 2010/09/12 v0.6 Provides ifxetex conditional
)
\Gm@cnth=\count93
\Gm@cntv=\count94
\c@Gm@tempcnt=\count95
\Gm@bindingoffset=\dimen105
\Gm@wd@mp=\dimen106
\Gm@odd@mp=\dimen107
\Gm@even@mp=\dimen108
\Gm@layoutwidth=\dimen109
\Gm@layoutheight=\dimen110
\Gm@layouthoffset=\dimen111
\Gm@layoutvoffset=\dimen112
\Gm@dimlist=\toks23

("C:\Users\user\AppData\Local\Programs\MiKTeX 2.9\tex\latex\geometry\geometry.c
fg"))
("C:\Users\user\AppData\Local\Programs\MiKTeX 2.9\tex\latex\setspace\setspace.s
ty"
Package: setspace 2011/12/19 v6.7a set line spacing
)
("C:\Users\user\AppData\Local\Programs\MiKTeX 2.9\tex\latex\graphics\graphicx.s
ty"
Package: graphicx 2017/06/01 v1.1a Enhanced LaTeX Graphics (DPC,SPQR)

("C:\Users\user\AppData\Local\Programs\MiKTeX 2.9\tex\latex\graphics\graphics.s
ty"
Package: graphics 2017/06/25 v1.2c Standard LaTeX Graphics (DPC,SPQR)

("C:\Users\user\AppData\Local\Programs\MiKTeX 2.9\tex\latex\graphics\trig.sty"
Package: trig 2016/01/03 v1.10 sin cos tan (DPC)
)
("C:\Users\user\AppData\Local\Programs\MiKTeX 2.9\tex\latex\graphics-cfg\graphi
cs.cfg"
File: graphics.cfg 2016/06/04 v1.11 sample graphics configuration
)
Package graphics Info: Driver file: pdftex.def on input line 99.
)
\Gin@req@height=\dimen113
\Gin@req@width=\dimen114
)
("C:\Users\user\AppData\Local\Programs\MiKTeX 2.9\tex\latex\amsmath\amsmath.sty
"
Package: amsmath 2017/09/02 v2.17a AMS math features
\@mathmargin=\skip48

For additional information on amsmath, use the `?' option.
("C:\Users\user\AppData\Local\Programs\MiKTeX 2.9\tex\latex\amsmath\amstext.sty
"
Package: amstext 2000/06/29 v2.01 AMS text
 ("C:\Users\user\AppData\Local\Programs\MiKTeX 2.9\tex\latex\amsmath\amsgen.sty
"
File: amsgen.sty 1999/11/30 v2.0 generic functions
\@emptytoks=\toks24
\ex@=\dimen115
))
("C:\Users\user\AppData\Local\Programs\MiKTeX 2.9\tex\latex\amsmath\amsbsy.sty"
Package: amsbsy 1999/11/29 v1.2d Bold Symbols
\pmbraise@=\dimen116
) ("C:\Users\user\AppData\Local\Programs\MiKTeX 2.9\tex\latex\amsmath\amsopn.st
y"
Package: amsopn 2016/03/08 v2.02 operator names
)
\inf@bad=\count96
LaTeX Info: Redefining \frac on input line 213.
\uproot@=\count97
\leftroot@=\count98
LaTeX Info: Redefining \overline on input line 375.
\classnum@=\count99
\DOTSCASE@=\count100
LaTeX Info: Redefining \ldots on input line 472.
LaTeX Info: Redefining \dots on input line 475.
LaTeX Info: Redefining \cdots on input line 596.
\Mathstrutbox@=\box26
\strutbox@=\box27
\big@size=\dimen117
LaTeX Font Info:    Redeclaring font encoding OML on input line 712.
LaTeX Font Info:    Redeclaring font encoding OMS on input line 713.
\macc@depth=\count101
\c@MaxMatrixCols=\count102
\dotsspace@=\muskip10
\c@parentequation=\count103
\dspbrk@lvl=\count104
\tag@help=\toks25
\row@=\count105
\column@=\count106
\maxfields@=\count107
\andhelp@=\toks26
\eqnshift@=\dimen118
\alignsep@=\dimen119
\tagshift@=\dimen120
\tagwidth@=\dimen121
\totwidth@=\dimen122
\lineht@=\dimen123
\@envbody=\toks27
\multlinegap=\skip49
\multlinetaggap=\skip50
\mathdisplay@stack=\toks28
LaTeX Info: Redefining \[ on input line 2817.
LaTeX Info: Redefining \] on input line 2818.
)
("C:\Users\user\AppData\Local\Programs\MiKTeX 2.9\tex\latex\amsfonts\amsfonts.s
ty"
Package: amsfonts 2013/01/14 v3.01 Basic AMSFonts support
\symAMSa=\mathgroup4
\symAMSb=\mathgroup5
LaTeX Font Info:    Overwriting math alphabet `\mathfrak' in version `bold'
(Font)                  U/euf/m/n --> U/euf/b/n on input line 106.
)
("C:\Users\user\AppData\Local\Programs\MiKTeX 2.9\tex\latex\subfigure\subfigure
.sty"
Package: subfigure 2002/07/30 v2.1.4 subfigure package
\subfigtopskip=\skip51
\subfigcapskip=\skip52
\subfigcaptopadj=\dimen124
\subfigbottomskip=\skip53
\subfigcapmargin=\dimen125
\subfiglabelskip=\skip54
\c@subfigure=\count108
\c@lofdepth=\count109
\c@subtable=\count110
\c@lotdepth=\count111

****************************************
* Local config file subfigure.cfg used *
****************************************

("C:\Users\user\AppData\Local\Programs\MiKTeX 2.9\tex\latex\subfigure\subfigure
.cfg")
\subfig@top=\skip55
\subfig@bottom=\skip56
)
("C:\Users\user\AppData\Local\Programs\MiKTeX 2.9\tex\latex\subfigmat\subfigmat
.sty"
Package: subfigmat 1999/02/27 v1.0 Subfigure Matrix Package
\sfm@width=\skip57
\sfmcolsep=\skip58
\c@sfm@count=\count112
)
("C:\Users\user\AppData\Local\Programs\MiKTeX 2.9\tex\latex\tools\dcolumn.sty"
Package: dcolumn 2014/10/28 v1.06 decimal alignment package (DPC)

("C:\Users\user\AppData\Local\Programs\MiKTeX 2.9\tex\latex\tools\array.sty"
Package: array 2016/10/06 v2.4d Tabular extension package (FMi)
\col@sep=\dimen126
\extrarowheight=\dimen127
\NC@list=\toks29
\extratabsurround=\skip59
\backup@length=\skip60
))
("C:\Users\user\AppData\Local\Programs\MiKTeX 2.9\tex\latex\nomencl\nomencl.sty
"
Package: nomencl 2005/09/22 v4.2 Nomenclature package (LN)
\nomlabelwidth=\dimen128
\nom@tempdim=\dimen129
\nomitemsep=\skip61
)
\@nomenclaturefile=\write3
\openout3 = `Thesis.nlo'.


Writing nomenclature file Thesis.nlo
("C:\Users\user\AppData\Local\Programs\MiKTeX 2.9\tex\latex\base\ifthen.sty"
Package: ifthen 2014/09/29 v1.1c Standard LaTeX ifthen package (DPC)
)
(glossary.sty
Package: glossary 2006/07/20 2.4 (NLCT)
\gls@cols=\count113

No configuration file glossary.cfg found
("C:\Users\user\AppData\Local\Programs\MiKTeX 2.9\tex\latex\tools\longtable.sty
"
Package: longtable 2014/10/28 v4.11 Multi-page Table package (DPC)
\LTleft=\skip62
\LTright=\skip63
\LTpre=\skip64
\LTpost=\skip65
\LTchunksize=\count114
\LTcapwidth=\dimen130
\LT@head=\box28
\LT@firsthead=\box29
\LT@foot=\box30
\LT@lastfoot=\box31
\LT@cols=\count115
\LT@rows=\count116
\c@LT@tables=\count117
\c@LT@chunks=\count118
\LT@p@ftn=\toks30
)
\descriptionwidth=\skip66
\istfile=\write4
)
\@glossaryfile=\write5
\openout5 = `Thesis.glo'.


Writing glossary file Thesis.glo 

("C:\Users\user\AppData\Local\Programs\MiKTeX 2.9\tex\latex\graphics\rotating.s
ty"
Package: rotating 2016/08/11 v2.16d rotated objects in LaTeX
\c@r@tfl@t=\count119
\rotFPtop=\skip67
\rotFPbot=\skip68
\rot@float@box=\box32
\rot@mess@toks=\toks31
)
("C:\Users\user\AppData\Local\Programs\MiKTeX 2.9\tex\latex\hyperref\hyperref.s
ty"
Package: hyperref 2018/02/06 v6.86b Hypertext links for LaTeX

("C:\Users\user\AppData\Local\Programs\MiKTeX 2.9\tex\generic\oberdiek\hobsub-h
yperref.sty"
Package: hobsub-hyperref 2016/05/16 v1.14 Bundle oberdiek, subset hyperref (HO)


("C:\Users\user\AppData\Local\Programs\MiKTeX 2.9\tex\generic\oberdiek\hobsub-g
eneric.sty"
Package: hobsub-generic 2016/05/16 v1.14 Bundle oberdiek, subset generic (HO)
Package: hobsub 2016/05/16 v1.14 Construct package bundles (HO)
Package: infwarerr 2016/05/16 v1.4 Providing info/warning/error messages (HO)
Package: ltxcmds 2016/05/16 v1.23 LaTeX kernel commands for general use (HO)
Package: ifluatex 2016/05/16 v1.4 Provides the ifluatex switch (HO)
Package ifluatex Info: LuaTeX not detected.
Package hobsub Info: Skipping package `ifvtex' (already loaded).
Package: intcalc 2016/05/16 v1.2 Expandable calculations with integers (HO)
Package hobsub Info: Skipping package `ifpdf' (already loaded).
Package: etexcmds 2016/05/16 v1.6 Avoid name clashes with e-TeX commands (HO)
Package etexcmds Info: Could not find \expanded.
(etexcmds)             That can mean that you are not using pdfTeX 1.50 or
(etexcmds)             that some package has redefined \expanded.
(etexcmds)             In the latter case, load this package earlier.
Package: kvsetkeys 2016/05/16 v1.17 Key value parser (HO)
Package: kvdefinekeys 2016/05/16 v1.4 Define keys (HO)
Package: pdftexcmds 2018/01/21 v0.26 Utility functions of pdfTeX for LuaTeX (HO
)
Package pdftexcmds Info: LuaTeX not detected.
Package pdftexcmds Info: \pdf@primitive is available.
Package pdftexcmds Info: \pdf@ifprimitive is available.
Package pdftexcmds Info: \pdfdraftmode found.
Package: pdfescape 2016/05/16 v1.14 Implements pdfTeX's escape features (HO)
Package: bigintcalc 2016/05/16 v1.4 Expandable calculations on big integers (HO
)
Package: bitset 2016/05/16 v1.2 Handle bit-vector datatype (HO)
Package: uniquecounter 2016/05/16 v1.3 Provide unlimited unique counter (HO)
)
Package hobsub Info: Skipping package `hobsub' (already loaded).
Package: letltxmacro 2016/05/16 v1.5 Let assignment for LaTeX macros (HO)
Package: hopatch 2016/05/16 v1.3 Wrapper for package hooks (HO)
Package: xcolor-patch 2016/05/16 xcolor patch
Package: atveryend 2016/05/16 v1.9 Hooks at the very end of document (HO)
Package atveryend Info: \enddocument detected (standard20110627).
Package: atbegshi 2016/06/09 v1.18 At begin shipout hook (HO)
Package: refcount 2016/05/16 v3.5 Data extraction from label references (HO)
Package: hycolor 2016/05/16 v1.8 Color options for hyperref/bookmark (HO)
)
("C:\Users\user\AppData\Local\Programs\MiKTeX 2.9\tex\latex\oberdiek\auxhook.st
y"
Package: auxhook 2016/05/16 v1.4 Hooks for auxiliary files (HO)
)
("C:\Users\user\AppData\Local\Programs\MiKTeX 2.9\tex\latex\oberdiek\kvoptions.
sty"
Package: kvoptions 2016/05/16 v3.12 Key value format for package options (HO)
)
\@linkdim=\dimen131
\Hy@linkcounter=\count120
\Hy@pagecounter=\count121

("C:\Users\user\AppData\Local\Programs\MiKTeX 2.9\tex\latex\hyperref\pd1enc.def
"
File: pd1enc.def 2018/02/06 v6.86b Hyperref: PDFDocEncoding definition (HO)
Now handling font encoding PD1 ...
... no UTF-8 mapping file for font encoding PD1
)
\Hy@SavedSpaceFactor=\count122

("C:\Users\user\AppData\Local\Programs\MiKTeX 2.9\tex\latex\00miktex\hyperref.c
fg"
File: hyperref.cfg 2002/06/06 v1.2 hyperref configuration of TeXLive
)
Package hyperref Info: Hyper figures OFF on input line 4509.
Package hyperref Info: Link nesting OFF on input line 4514.
Package hyperref Info: Hyper index ON on input line 4517.
Package hyperref Info: Plain pages OFF on input line 4524.
Package hyperref Info: Backreferencing OFF on input line 4529.
Package hyperref Info: Implicit mode ON; LaTeX internals redefined.
Package hyperref Info: Bookmarks ON on input line 4762.
\c@Hy@tempcnt=\count123
 ("C:\Users\user\AppData\Local\Programs\MiKTeX 2.9\tex\latex\url\url.sty"
\Urlmuskip=\muskip11
Package: url 2013/09/16  ver 3.4  Verb mode for urls, etc.
)
LaTeX Info: Redefining \url on input line 5115.
\XeTeXLinkMargin=\dimen132
\Fld@menulength=\count124
\Field@Width=\dimen133
\Fld@charsize=\dimen134
Package hyperref Info: Hyper figures OFF on input line 6369.
Package hyperref Info: Link nesting OFF on input line 6374.
Package hyperref Info: Hyper index ON on input line 6377.
Package hyperref Info: backreferencing OFF on input line 6384.
Package hyperref Info: Link coloring OFF on input line 6389.
Package hyperref Info: Link coloring with OCG OFF on input line 6394.
Package hyperref Info: PDF/A mode OFF on input line 6399.
LaTeX Info: Redefining \ref on input line 6439.
LaTeX Info: Redefining \pageref on input line 6443.
\Hy@abspage=\count125
\c@Item=\count126
\c@Hfootnote=\count127
)
Package hyperref Info: Driver: hpdftex.

("C:\Users\user\AppData\Local\Programs\MiKTeX 2.9\tex\latex\hyperref\hpdftex.de
f"
File: hpdftex.def 2018/02/06 v6.86b Hyperref driver for pdfTeX
\Fld@listcount=\count128
\c@bookmark@seq@number=\count129

("C:\Users\user\AppData\Local\Programs\MiKTeX 2.9\tex\latex\oberdiek\rerunfilec
heck.sty"
Package: rerunfilecheck 2016/05/16 v1.8 Rerun checks for auxiliary files (HO)
Package uniquecounter Info: New unique counter `rerunfilecheck' on input line 2
82.
)
\Hy@SectionHShift=\skip69
)
Package hyperref Info: Option `colorlinks' set `true' on input line 397.


Package hyperref Warning: Option `pagecolor' is not available anymore.


Package hyperref Warning: Option `bookmarks' has already been used,
(hyperref)                setting the option has no effect on input line 397.

Package hyperref Info: Option `bookmarksopen' set `false' on input line 397.
Package hyperref Info: Option `bookmarksnumbered' set `true' on input line 397.

Package hyperref Info: Option `pdfdisplaydoctitle' set `true' on input line 397
.
("C:\Users\user\AppData\Local\Programs\MiKTeX 2.9\tex\latex\oberdiek\hypcap.sty
"
Package: hypcap 2016/05/16 v1.12 Adjusting the anchors of captions (HO)
) ("C:\Users\user\AppData\Local\Programs\MiKTeX 2.9\tex\latex\natbib\natbib.sty
"
Package: natbib 2010/09/13 8.31b (PWD, AO)
\bibhang=\skip70
\bibsep=\skip71
LaTeX Info: Redefining \cite on input line 694.
\c@NAT@ctr=\count130
)
("C:\Users\user\AppData\Local\Programs\MiKTeX 2.9\tex\latex\notoccite\notoccite
.sty"
Package: notoccite 2000/07/20
)
("C:\Users\user\AppData\Local\Programs\MiKTeX 2.9\tex\latex\booktabs\booktabs.s
ty"
Package: booktabs 2005/04/14 v1.61803 publication quality tables
\heavyrulewidth=\dimen135
\lightrulewidth=\dimen136
\cmidrulewidth=\dimen137
\belowrulesep=\dimen138
\belowbottomsep=\dimen139
\aboverulesep=\dimen140
\abovetopsep=\dimen141
\cmidrulesep=\dimen142
\cmidrulekern=\dimen143
\defaultaddspace=\dimen144
\@cmidla=\count131
\@cmidlb=\count132
\@aboverulesep=\dimen145
\@belowrulesep=\dimen146
\@thisruleclass=\count133
\@lastruleclass=\count134
\@thisrulewidth=\dimen147
)
("C:\Users\user\AppData\Local\Programs\MiKTeX 2.9\tex\latex\pdfpages\pdfpages.s
ty"
Package: pdfpages 2017/10/31 v0.5l Insert pages of external PDF documents (AM)
 ("C:\Users\user\AppData\Local\Programs\MiKTeX 2.9\tex\latex\tools\calc.sty"
Package: calc 2014/10/28 v4.3 Infix arithmetic (KKT,FJ)
\calc@Acount=\count135
\calc@Bcount=\count136
\calc@Adimen=\dimen148
\calc@Bdimen=\dimen149
\calc@Askip=\skip72
\calc@Bskip=\skip73
LaTeX Info: Redefining \setlength on input line 80.
LaTeX Info: Redefining \addtolength on input line 81.
\calc@Ccount=\count137
\calc@Cskip=\skip74
)
("C:\Users\user\AppData\Local\Programs\MiKTeX 2.9\tex\latex\eso-pic\eso-pic.sty
"
Package: eso-pic 2018/04/12 v2.0h eso-pic (RN)
)
\AM@pagewidth=\dimen150
\AM@pageheight=\dimen151

("C:\Users\user\AppData\Local\Programs\MiKTeX 2.9\tex\latex\pdfpages\pppdftex.d
ef"
File: pppdftex.def 2017/10/31 v0.5l Pdfpages driver for pdfTeX (AM)
)
\AM@pagebox=\box33
\AM@global@opts=\toks32
\AM@toc@title=\toks33
\c@AM@survey=\count138
\AM@templatesizebox=\box34
))
("C:\Users\user\AppData\Local\Programs\MiKTeX 2.9\tex\latex\doublestroke\dsfont
.sty"
Package: dsfont 1995/08/01 v0.1 Double stroke roman fonts
) (Thesis.aux

LaTeX Warning: Label `bc_cp2' multiply defined.


LaTeX Warning: Label `prob1:pi' multiply defined.


LaTeX Warning: Label `2_V*2' multiply defined.


LaTeX Warning: Label `3_prop2' multiply defined.


LaTeX Warning: Label `section:2_intro' multiply defined.


LaTeX Warning: Label `section:2_theory' multiply defined.

)
\openout1 = `Thesis.aux'.

LaTeX Font Info:    Checking defaults for OML/cmm/m/it on input line 75.
LaTeX Font Info:    ... okay on input line 75.
LaTeX Font Info:    Checking defaults for T1/cmr/m/n on input line 75.
LaTeX Font Info:    ... okay on input line 75.
LaTeX Font Info:    Checking defaults for OT1/cmr/m/n on input line 75.
LaTeX Font Info:    ... okay on input line 75.
LaTeX Font Info:    Checking defaults for OMS/cmsy/m/n on input line 75.
LaTeX Font Info:    ... okay on input line 75.
LaTeX Font Info:    Checking defaults for OMX/cmex/m/n on input line 75.
LaTeX Font Info:    ... okay on input line 75.
LaTeX Font Info:    Checking defaults for U/cmr/m/n on input line 75.
LaTeX Font Info:    ... okay on input line 75.
LaTeX Font Info:    Checking defaults for PD1/pdf/m/n on input line 75.
LaTeX Font Info:    ... okay on input line 75.

("C:\Users\user\AppData\Local\Programs\MiKTeX 2.9\tex\context\base\supp-pdf.mki
i"
[Loading MPS to PDF converter (version 2006.09.02).]
\scratchcounter=\count139
\scratchdimen=\dimen152
\scratchbox=\box35
\nofMPsegments=\count140
\nofMParguments=\count141
\everyMPshowfont=\toks34
\MPscratchCnt=\count142
\MPscratchDim=\dimen153
\MPnumerator=\count143
\makeMPintoPDFobject=\count144
\everyMPtoPDFconversion=\toks35
)
("C:\Users\user\AppData\Local\Programs\MiKTeX 2.9\tex\latex\oberdiek\epstopdf-b
ase.sty"
Package: epstopdf-base 2016/05/15 v2.6 Base part for package epstopdf

("C:\Users\user\AppData\Local\Programs\MiKTeX 2.9\tex\latex\oberdiek\grfext.sty
"
Package: grfext 2016/05/16 v1.2 Manage graphics extensions (HO)
)
Package epstopdf-base Info: Redefining graphics rule for `.eps' on input line 4
38.
Package grfext Info: Graphics extension search list:
(grfext)             [.pdf,.png,.jpg,.mps,.jpeg,.jbig2,.jb2,.PDF,.PNG,.JPG,.JPE
G,.JBIG2,.JB2,.eps]
(grfext)             \AppendGraphicsExtensions on input line 456.
)
*geometry* driver: auto-detecting
*geometry* detected driver: pdftex

Package geometry Warning: The marginal notes overrun the paper.
     Add 50.86812pt and more to the right margin.

*geometry* verbose mode - [ preamble ] result:
* driver: pdftex
* paper: a4paper
* layout: <same size as paper>
* layoutoffset:(h,v)=(0.0pt,0.0pt)
* modes: twoside 
* h-part:(L,W,R)=(71.13188pt, 455.24411pt, 71.13188pt)
* v-part:(T,H,B)=(71.13188pt, 702.78308pt, 71.13188pt)
* \paperwidth=597.50787pt
* \paperheight=845.04684pt
* \textwidth=455.24411pt
* \textheight=702.78308pt
* \oddsidemargin=-1.1381pt
* \evensidemargin=-1.1381pt
* \topmargin=-38.1381pt
* \headheight=12.0pt
* \headsep=25.0pt
* \topskip=10.0pt
* \footskip=30.0pt
* \marginparwidth=111.0pt
* \marginparsep=11.0pt
* \columnsep=10.0pt
* \skip\footins=9.0pt plus 4.0pt minus 2.0pt
* \hoffset=0.0pt
* \voffset=0.0pt
* \mag=1000
* \@twocolumnfalse
* \@twosidetrue
* \@mparswitchtrue
* \@reversemarginfalse
* (1in=72.27pt=25.4mm, 1cm=28.453pt)

\AtBeginShipoutBox=\box36
Package hyperref Info: Link coloring ON on input line 75.

("C:\Users\user\AppData\Local\Programs\MiKTeX 2.9\tex\latex\hyperref\nameref.st
y"
Package: nameref 2016/05/21 v2.44 Cross-referencing by name of section

("C:\Users\user\AppData\Local\Programs\MiKTeX 2.9\tex\generic\oberdiek\gettitle
string.sty"
Package: gettitlestring 2016/05/16 v1.5 Cleanup title references (HO)
)
\c@section@level=\count145
)
LaTeX Info: Redefining \ref on input line 75.
LaTeX Info: Redefining \pageref on input line 75.
LaTeX Info: Redefining \nameref on input line 75.
 (Thesis.out) (Thesis.out)
\@outlinefile=\write6
\openout6 = `Thesis.out'.


("C:\Users\user\AppData\Local\Programs\MiKTeX 2.9\tex\latex\oberdiek\pdflscape.
sty"
Package: pdflscape 2016/05/14 v0.11 Display of landscape pages in PDF (HO)

("C:\Users\user\AppData\Local\Programs\MiKTeX 2.9\tex\latex\graphics\lscape.sty
"
Package: lscape 2000/10/22 v3.01 Landscape Pages (DPC)
)
Package pdflscape Info: Auto-detected driver: pdftex on input line 81.
) (Thesis_FrontCover.tex
Package pdftex.def Info: Option `bb' equivalent to `viewport' with pdftex drive
r on input line 15.
<IST_A_CMYK_POS.pdf, id=247, 845.0471pt x 597.51233pt>
File: IST_A_CMYK_POS.pdf Graphic file (type pdf)
<use IST_A_CMYK_POS.pdf>
Package pdftex.def Info: IST_A_CMYK_POS.pdf  used on input line 15.
(pdftex.def)             Requested size: -78.38533pt x -90.76195pt.
LaTeX Font Info:    Try loading font information for T1+phv on input line 26.

("C:\Users\user\AppData\Local\Programs\MiKTeX 2.9\tex\latex\psnfss\t1phv.fd"
File: t1phv.fd 2001/06/04 scalable font definitions for T1/phv.
)
LaTeX Font Info:    Try loading font information for U+msa on input line 38.

("C:\Users\user\AppData\Local\Programs\MiKTeX 2.9\tex\latex\amsfonts\umsa.fd"
File: umsa.fd 2013/01/14 v3.01 AMS symbols A
)
LaTeX Font Info:    Try loading font information for U+msb on input line 38.

("C:\Users\user\AppData\Local\Programs\MiKTeX 2.9\tex\latex\amsfonts\umsb.fd"
File: umsb.fd 2013/01/14 v3.01 AMS symbols B
)) [1

\openout4 = `Thesis.ist'.

{C:/Users/user/AppData/Local/MiKTeX/2.9/pdftex/config/pdftex.map} <./IST_A_CMYK
_POS.pdf>] [2

] (Thesis_Dedication.tex [3]) [4

] (Thesis_Acknowledgements.tex) [5] [6

] (Thesis_Resumo.tex) [7] [8

] (Thesis_Abstract.tex) [9] [10

] (Thesis.toc [11

])
\tf@toc=\write7
\openout7 = `Thesis.toc'.

 [12] (Thesis.lot)
\tf@lot=\write8
\openout8 = `Thesis.lot'.

 [13


] [14

] (Thesis.lof
Underfull \vbox (badness 1199) has occurred while \output is active []

 [15

])
\tf@lof=\write9
\openout9 = `Thesis.lof'.


[16] (Thesis_Nomenclature.tex)
No file Thesis.nls.
(Thesis_Glossary.tex)
No file Thesis.gls.
(Thesis_Introduction.tex
Chapter 1.
[1





]
LaTeX Font Info:    Try loading font information for OMS+cmr on input line 69.
 ("C:\Users\user\AppData\Local\Programs\MiKTeX 2.9\tex\latex\base\omscmr.fd"
File: omscmr.fd 2014/09/29 v2.5h Standard LaTeX font definitions
)
LaTeX Font Info:    Font shape `OMS/cmr/m/n' in size <10> not available
(Font)              Font shape `OMS/cmsy/m/n' tried instead on input line 69.


LaTeX Warning: Reference ` ' on page 2 undefined on input line 74.


LaTeX Warning: Reference `label' on page 2 undefined on input line 76.


LaTeX Warning: Reference `' on page 2 undefined on input line 78.


LaTeX Warning: Reference `label' on page 2 undefined on input line 80.

[2]

LaTeX Warning: Reference `label' on page 3 undefined on input line 83.


LaTeX Warning: Reference `label' on page 3 undefined on input line 85.


LaTeX Warning: Reference `' on page 3 undefined on input line 87.


LaTeX Warning: Reference `label' on page 3 undefined on input line 89.


LaTeX Warning: Reference `label' on page 3 undefined on input line 92.


LaTeX Warning: Reference `' on page 3 undefined on input line 92.


LaTeX Warning: Reference `label' on page 3 undefined on input line 94.


LaTeX Warning: Reference `label' on page 3 undefined on input line 97.


LaTeX Warning: Reference `label' on page 3 undefined on input line 99.


LaTeX Warning: Reference `' on page 3 undefined on input line 101.

LaTeX Font Info:    Try loading font information for U+dsrom on input line 101.


("C:\Users\user\AppData\Local\Programs\MiKTeX 2.9\tex\latex\doublestroke\udsrom
.fd"
File: Udsrom.fd 1995/08/01 v0.1 Double stroke roman font definitions
)

LaTeX Warning: Reference `label' on page 3 undefined on input line 103.


LaTeX Warning: Reference `label' on page 3 undefined on input line 107.


LaTeX Warning: Reference `label' on page 3 undefined on input line 109.

[3] [4]) [5] [6

] (Thesis_Implementation.tex
Chapter 2.

Underfull \vbox (badness 1939) has occurred while \output is active []

 [7

]
[8]
Underfull \vbox (badness 10000) has occurred while \output is active []

 [9]
[10]
Overfull \hbox (7.64342pt too wide) detected at line 188
[]
 []


Underfull \vbox (badness 10000) has occurred while \output is active []

 [11]
[12] [13] [14] [15]
Underfull \vbox (badness 10000) has occurred while \output is active []

 [16]
[17]

LaTeX Warning: Reference `eq:HJB' on page 18 undefined on input line 490.

[18]

LaTeX Warning: Reference `eq:HJB' on page 19 undefined on input line 506.

[19]) [20] (Tese_Prob1.tex
Chapter 3.
[21


]
Underfull \vbox (badness 3646) has occurred while \output is active []

 [22]
[23] [24]
Underfull \vbox (badness 10000) has occurred while \output is active []

 [25]
[26] [27]
LaTeX Font Info:    Try loading font information for OT1+ptm on input line 349.


("C:\Users\user\AppData\Local\Programs\MiKTeX 2.9\tex\latex\psnfss\ot1ptm.fd"
File: ot1ptm.fd 2001/06/04 font definitions for OT1/ptm.
)
<Prob1_CapOpt/xopt_k.pdf, id=903, 361.35pt x 230.8625pt>
File: Prob1_CapOpt/xopt_k.pdf Graphic file (type pdf)
<use Prob1_CapOpt/xopt_k.pdf>
Package pdftex.def Info: Prob1_CapOpt/xopt_k.pdf  used on input line 376.
(pdftex.def)             Requested size: 204.85846pt x 130.8814pt.
<Prob1_CapOpt/F_k100700.pdf, id=904, 397.485pt x 246.9225pt>
File: Prob1_CapOpt/F_k100700.pdf Graphic file (type pdf)
<use Prob1_CapOpt/F_k100700.pdf>
Package pdftex.def Info: Prob1_CapOpt/F_k100700.pdf  used on input line 377.
(pdftex.def)             Requested size: 204.85846pt x 127.26257pt.
<Prob1_CapOpt/xopt_r.pdf, id=911, 361.35pt x 226.8475pt>
File: Prob1_CapOpt/xopt_r.pdf Graphic file (type pdf)
<use Prob1_CapOpt/xopt_r.pdf>
Package pdftex.def Info: Prob1_CapOpt/xopt_r.pdf  used on input line 391.
(pdftex.def)             Requested size: 145.68144pt x 91.45389pt.
<Prob1_CapOpt/xopt_sigma.pdf, id=912, 361.35pt x 228.855pt>
File: Prob1_CapOpt/xopt_sigma.pdf Graphic file (type pdf)
<use Prob1_CapOpt/xopt_sigma.pdf>
Package pdftex.def Info: Prob1_CapOpt/xopt_sigma.pdf  used on input line 392.
(pdftex.def)             Requested size: 145.68144pt x 92.26321pt.
<Prob1_CapOpt/xopt_delta.pdf, id=913, 361.35pt x 228.855pt>
File: Prob1_CapOpt/xopt_delta.pdf Graphic file (type pdf)
<use Prob1_CapOpt/xopt_delta.pdf>
Package pdftex.def Info: Prob1_CapOpt/xopt_delta.pdf  used on input line 393.
(pdftex.def)             Requested size: 145.68144pt x 92.26321pt.

[28]
<Prob1_CapOpt/xopt_mu.pdf, id=924, 361.35pt x 238.8925pt>
File: Prob1_CapOpt/xopt_mu.pdf Graphic file (type pdf)
<use Prob1_CapOpt/xopt_mu.pdf>
Package pdftex.def Info: Prob1_CapOpt/xopt_mu.pdf  used on input line 408.
(pdftex.def)             Requested size: 204.85846pt x 135.43379pt.
<Prob1_CapOpt/xopt_mu_sigma2.pdf, id=925, 361.35pt x 238.8925pt>
File: Prob1_CapOpt/xopt_mu_sigma2.pdf Graphic file (type pdf)
<use Prob1_CapOpt/xopt_mu_sigma2.pdf>
Package pdftex.def Info: Prob1_CapOpt/xopt_mu_sigma2.pdf  used on input line 40
9.
(pdftex.def)             Requested size: 204.85846pt x 135.43379pt.
<Prob1_CapOpt/xopt_theta.pdf, id=927, 361.35pt x 225.84375pt>
File: Prob1_CapOpt/xopt_theta.pdf Graphic file (type pdf)
<use Prob1_CapOpt/xopt_theta.pdf>
Package pdftex.def Info: Prob1_CapOpt/xopt_theta.pdf  used on input line 421.
(pdftex.def)             Requested size: 204.85846pt x 128.03615pt.
 [29 <./Prob1_CapOpt/xopt_k.pdf> <./Prob1_CapOpt/F_k100700.pdf

pdfTeX warning: pdflatex.exe (file ./Prob1_CapOpt/F_k100700.pdf): PDF inclusion
: multiple pdfs with page group included in a single page
> <./Prob1_CapOpt/xopt_r.pdf

pdfTeX warning: pdflatex.exe (file ./Prob1_CapOpt/xopt_r.pdf): PDF inclusion: m
ultiple pdfs with page group included in a single page
> <./Prob1_CapOpt/xopt_sigma.pdf

pdfTeX warning: pdflatex.exe (file ./Prob1_CapOpt/xopt_sigma.pdf): PDF inclusio
n: multiple pdfs with page group included in a single page
> <./Prob1_CapOpt/xopt_delta.pdf

pdfTeX warning: pdflatex.exe (file ./Prob1_CapOpt/xopt_delta.pdf): PDF inclusio
n: multiple pdfs with page group included in a single page
>]
Underfull \vbox (badness 1831) has occurred while \output is active []

 [30 <./Prob1_CapOpt/xopt_mu.pdf> <./Prob1_CapOpt/xopt_mu_sigma2.pdf

pdfTeX warning: pdflatex.exe (file ./Prob1_CapOpt/xopt_mu_sigma2.pdf): PDF incl
usion: multiple pdfs with page group included in a single page
> <./Prob1_CapOpt/xopt_theta.pdf

pdfTeX warning: pdflatex.exe (file ./Prob1_CapOpt/xopt_theta.pdf): PDF inclusio
n: multiple pdfs with page group included in a single page
>]
<Prob1_CapOpt/kopt_mu.pdf, id=1068, 361.35pt x 238.8925pt>
File: Prob1_CapOpt/kopt_mu.pdf Graphic file (type pdf)
<use Prob1_CapOpt/kopt_mu.pdf>
Package pdftex.def Info: Prob1_CapOpt/kopt_mu.pdf  used on input line 483.
(pdftex.def)             Requested size: 145.68144pt x 96.30986pt.
<Prob1_CapOpt/kopt_sigma.pdf, id=1069, 361.35pt x 230.8625pt>
File: Prob1_CapOpt/kopt_sigma.pdf Graphic file (type pdf)
<use Prob1_CapOpt/kopt_sigma.pdf>
Package pdftex.def Info: Prob1_CapOpt/kopt_sigma.pdf  used on input line 484.
(pdftex.def)             Requested size: 145.68144pt x 93.07254pt.
<Prob1_CapOpt/kopt_theta.pdf, id=1070, 361.35pt x 230.8625pt>
File: Prob1_CapOpt/kopt_theta.pdf Graphic file (type pdf)
<use Prob1_CapOpt/kopt_theta.pdf>
Package pdftex.def Info: Prob1_CapOpt/kopt_theta.pdf  used on input line 485.
(pdftex.def)             Requested size: 145.68144pt x 93.07254pt.
<Prob1_CapOpt/kopt_r.pdf, id=1072, 361.35pt x 228.855pt>
File: Prob1_CapOpt/kopt_r.pdf Graphic file (type pdf)
<use Prob1_CapOpt/kopt_r.pdf>
Package pdftex.def Info: Prob1_CapOpt/kopt_r.pdf  used on input line 501.
(pdftex.def)             Requested size: 204.85846pt x 129.7433pt.
<Prob1_CapOpt/kopt_alpha.pdf, id=1073, 361.35pt x 226.8475pt>
File: Prob1_CapOpt/kopt_alpha.pdf Graphic file (type pdf)
<use Prob1_CapOpt/kopt_alpha.pdf>
Package pdftex.def Info: Prob1_CapOpt/kopt_alpha.pdf  used on input line 502.
(pdftex.def)             Requested size: 204.85846pt x 128.60521pt.
) [31 <./Prob1_CapOpt/kopt_mu.pdf> <./Prob1_CapOpt/kopt_sigma.pdf

pdfTeX warning: pdflatex.exe (file ./Prob1_CapOpt/kopt_sigma.pdf): PDF inclusio
n: multiple pdfs with page group included in a single page
> <./Prob1_CapOpt/kopt_theta.pdf

pdfTeX warning: pdflatex.exe (file ./Prob1_CapOpt/kopt_theta.pdf): PDF inclusio
n: multiple pdfs with page group included in a single page
>] [32 <./Prob1_CapOpt/kopt_r.pdf> <./Prob1_CapOpt/kopt_alpha.pdf

pdfTeX warning: pdflatex.exe (file ./Prob1_CapOpt/kopt_alpha.pdf): PDF inclusio
n: multiple pdfs with page group included in a single page
>] (Tese_Prob2.tex
Chapter 4.
[33


]
Underfull \vbox (badness 10000) has occurred while \output is active []

 [34]
Underfull \vbox (badness 10000) has occurred while \output is active []

 [35]
Underfull \vbox (badness 3449) has occurred while \output is active []

 [36]
[37]
Underfull \vbox (badness 1077) has occurred while \output is active []

 [38]
Underfull \vbox (badness 10000) has occurred while \output is active []

 [39]
[40]
<Prob2_CapOpt/xopt_delta.pdf, id=1273, 325.215pt x 210.7875pt>
File: Prob2_CapOpt/xopt_delta.pdf Graphic file (type pdf)
<use Prob2_CapOpt/xopt_delta.pdf>
Package pdftex.def Info: Prob2_CapOpt/xopt_delta.pdf  used on input line 416.
(pdftex.def)             Requested size: 204.85846pt x 132.78075pt.
<Prob2_CapOpt/xopt_sigma.pdf, id=1274, 325.215pt x 207.77625pt>
File: Prob2_CapOpt/xopt_sigma.pdf Graphic file (type pdf)
<use Prob2_CapOpt/xopt_sigma.pdf>
Package pdftex.def Info: Prob2_CapOpt/xopt_sigma.pdf  used on input line 417.
(pdftex.def)             Requested size: 204.85846pt x 130.88387pt.
<Prob2_CapOpt/xopt_mu.pdf, id=1277, 325.215pt x 216.81pt>
File: Prob2_CapOpt/xopt_mu.pdf Graphic file (type pdf)
<use Prob2_CapOpt/xopt_mu.pdf>
Package pdftex.def Info: Prob2_CapOpt/xopt_mu.pdf  used on input line 428.
(pdftex.def)             Requested size: 204.85846pt x 136.57448pt.
<Prob2_CapOpt/xopt_theta.pdf, id=1278, 325.215pt x 210.7875pt>
File: Prob2_CapOpt/xopt_theta.pdf Graphic file (type pdf)
<use Prob2_CapOpt/xopt_theta.pdf>
Package pdftex.def Info: Prob2_CapOpt/xopt_theta.pdf  used on input line 429.
(pdftex.def)             Requested size: 204.85846pt x 132.78075pt.
 [41 <./Prob2_CapOpt/xopt_delta.pdf> <./Prob2_CapOpt/xopt_sigma.pdf

pdfTeX warning: pdflatex.exe (file ./Prob2_CapOpt/xopt_sigma.pdf): PDF inclusio
n: multiple pdfs with page group included in a single page
>]
<Prob2_CapOpt/xopt_r.pdf, id=1328, 325.215pt x 211.79124pt>
File: Prob2_CapOpt/xopt_r.pdf Graphic file (type pdf)
<use Prob2_CapOpt/xopt_r.pdf>
Package pdftex.def Info: Prob2_CapOpt/xopt_r.pdf  used on input line 441.
(pdftex.def)             Requested size: 145.68144pt x 94.87537pt.
<Prob2_CapOpt/xopt_k0.pdf, id=1329, 325.215pt x 207.77625pt>
File: Prob2_CapOpt/xopt_k0.pdf Graphic file (type pdf)
<use Prob2_CapOpt/xopt_k0.pdf>
Package pdftex.def Info: Prob2_CapOpt/xopt_k0.pdf  used on input line 442.
(pdftex.def)             Requested size: 145.68144pt x 93.07677pt.
<Prob2_CapOpt/xopt_k1.pdf, id=1330, 325.215pt x 207.77625pt>
File: Prob2_CapOpt/xopt_k1.pdf Graphic file (type pdf)
<use Prob2_CapOpt/xopt_k1.pdf>
Package pdftex.def Info: Prob2_CapOpt/xopt_k1.pdf  used on input line 443.
(pdftex.def)             Requested size: 145.68144pt x 93.07677pt.
 [42 <./Prob2_CapOpt/xopt_mu.pdf> <./Prob2_CapOpt/xopt_theta.pdf

pdfTeX warning: pdflatex.exe (file ./Prob2_CapOpt/xopt_theta.pdf): PDF inclusio
n: multiple pdfs with page group included in a single page
> <./Prob2_CapOpt/xopt_r.pdf

pdfTeX warning: pdflatex.exe (file ./Prob2_CapOpt/xopt_r.pdf): PDF inclusion: m
ultiple pdfs with page group included in a single page
> <./Prob2_CapOpt/xopt_k0.pdf

pdfTeX warning: pdflatex.exe (file ./Prob2_CapOpt/xopt_k0.pdf): PDF inclusion: 
multiple pdfs with page group included in a single page
> <./Prob2_CapOpt/xopt_k1.pdf

pdfTeX warning: pdflatex.exe (file ./Prob2_CapOpt/xopt_k1.pdf): PDF inclusion: 
multiple pdfs with page group included in a single page
>]
<Prob2_CapOpt/xopt_alpha_O.pdf, id=1424, 325.215pt x 220.825pt>
File: Prob2_CapOpt/xopt_alpha_O.pdf Graphic file (type pdf)
<use Prob2_CapOpt/xopt_alpha_O.pdf>
Package pdftex.def Info: Prob2_CapOpt/xopt_alpha_O.pdf  used on input line 460.

(pdftex.def)             Requested size: 204.85846pt x 139.10362pt.
<Prob2_CapOpt/xopt_alpha_op.pdf, id=1425, 325.215pt x 210.7875pt>
File: Prob2_CapOpt/xopt_alpha_op.pdf Graphic file (type pdf)
<use Prob2_CapOpt/xopt_alpha_op.pdf>
Package pdftex.def Info: Prob2_CapOpt/xopt_alpha_op.pdf  used on input line 461
.
(pdftex.def)             Requested size: 204.85846pt x 132.78075pt.
<Prob2_CapOpt/koptx_k0.pdf, id=1429, 325.215pt x 206.7725pt>
File: Prob2_CapOpt/koptx_k0.pdf Graphic file (type pdf)
<use Prob2_CapOpt/koptx_k0.pdf>
Package pdftex.def Info: Prob2_CapOpt/koptx_k0.pdf  used on input line 496.
(pdftex.def)             Requested size: 204.85846pt x 130.25157pt.
 [43 <./Prob2_CapOpt/xopt_alpha_O.pdf> <./Prob2_CapOpt/xopt_alpha_op.pdf

pdfTeX warning: pdflatex.exe (file ./Prob2_CapOpt/xopt_alpha_op.pdf): PDF inclu
sion: multiple pdfs with page group included in a single page
>]
<Prob2_CapOpt/koptx_mu.pdf, id=1480, 325.215pt x 216.81pt>
File: Prob2_CapOpt/koptx_mu.pdf Graphic file (type pdf)
<use Prob2_CapOpt/koptx_mu.pdf>
Package pdftex.def Info: Prob2_CapOpt/koptx_mu.pdf  used on input line 506.
(pdftex.def)             Requested size: 145.68144pt x 97.1236pt.
<Prob2_CapOpt/koptx_sigma.pdf, id=1481, 325.215pt x 209.78375pt>
File: Prob2_CapOpt/koptx_sigma.pdf Graphic file (type pdf)
<use Prob2_CapOpt/koptx_sigma.pdf>
Package pdftex.def Info: Prob2_CapOpt/koptx_sigma.pdf  used on input line 507.
(pdftex.def)             Requested size: 145.68144pt x 93.97606pt.
<Prob2_CapOpt/koptx_theta.pdf, id=1482, 325.215pt x 209.78375pt>
File: Prob2_CapOpt/koptx_theta.pdf Graphic file (type pdf)
<use Prob2_CapOpt/koptx_theta.pdf>
Package pdftex.def Info: Prob2_CapOpt/koptx_theta.pdf  used on input line 508.
(pdftex.def)             Requested size: 145.68144pt x 93.97606pt.
<Prob2_CapOpt/koptx_delta.pdf, id=1484, 325.215pt x 209.78375pt>
File: Prob2_CapOpt/koptx_delta.pdf Graphic file (type pdf)
<use Prob2_CapOpt/koptx_delta.pdf>
Package pdftex.def Info: Prob2_CapOpt/koptx_delta.pdf  used on input line 521.
(pdftex.def)             Requested size: 145.68144pt x 93.97606pt.
<Prob2_CapOpt/koptx_r.pdf, id=1485, 325.215pt x 210.7875pt>
File: Prob2_CapOpt/koptx_r.pdf Graphic file (type pdf)
<use Prob2_CapOpt/koptx_r.pdf>
Package pdftex.def Info: Prob2_CapOpt/koptx_r.pdf  used on input line 522.
(pdftex.def)             Requested size: 145.68144pt x 94.42572pt.
<Prob2_CapOpt/koptx_alpha.pdf, id=1486, 325.215pt x 206.7725pt>
File: Prob2_CapOpt/koptx_alpha.pdf Graphic file (type pdf)
<use Prob2_CapOpt/koptx_alpha.pdf>
Package pdftex.def Info: Prob2_CapOpt/koptx_alpha.pdf  used on input line 523.
(pdftex.def)             Requested size: 145.68144pt x 92.62714pt.
) [44 <./Prob2_CapOpt/koptx_k0.pdf> <./Prob2_CapOpt/koptx_mu.pdf

pdfTeX warning: pdflatex.exe (file ./Prob2_CapOpt/koptx_mu.pdf): PDF inclusion:
 multiple pdfs with page group included in a single page
> <./Prob2_CapOpt/koptx_sigma.pdf

pdfTeX warning: pdflatex.exe (file ./Prob2_CapOpt/koptx_sigma.pdf): PDF inclusi
on: multiple pdfs with page group included in a single page
> <./Prob2_CapOpt/koptx_theta.pdf

pdfTeX warning: pdflatex.exe (file ./Prob2_CapOpt/koptx_theta.pdf): PDF inclusi
on: multiple pdfs with page group included in a single page
> <./Prob2_CapOpt/koptx_delta.pdf

pdfTeX warning: pdflatex.exe (file ./Prob2_CapOpt/koptx_delta.pdf): PDF inclusi
on: multiple pdfs with page group included in a single page
> <./Prob2_CapOpt/koptx_r.pdf

pdfTeX warning: pdflatex.exe (file ./Prob2_CapOpt/koptx_r.pdf): PDF inclusion: 
multiple pdfs with page group included in a single page
> <./Prob2_CapOpt/koptx_alpha.pdf

pdfTeX warning: pdflatex.exe (file ./Prob2_CapOpt/koptx_alpha.pdf): PDF inclusi
on: multiple pdfs with page group included in a single page
>] (Tese_Prob3.tex
Chapter 5.
[45


]
Overfull \hbox (68.39978pt too wide) detected at line 74
[]
 []

[46] [47pdfTeX warning (ext4): destination with the same identifier (name{equat
ion.5.2.4}) has been already used, duplicate ignored

\AtBegShi@Output ...ipout \box \AtBeginShipoutBox 
                                                  \fi \fi 
l.113 
      ]
Overfull \hbox (34.95291pt too wide) detected at line 141
[]\OML/cmm/m/it/10 e[]\U/dsrom/m/n/10 E[] [] \OT1/cmr/m/n/10 = \OML/cmm/m/it/10
 e[]\U/dsrom/m/n/10 E[] [] \OML/cmm/m/it/10 ;
 []


Underfull \vbox (badness 6141) has occurred while \output is active []

 [48]
Underfull \vbox (badness 10000) has occurred while \output is active []

 [49]
Overfull \hbox (39.52888pt too wide) detected at line 245
[]\OML/cmm/m/it/10 F\OT1/cmr/m/n/10 (\OML/cmm/m/it/10 x\OT1/cmr/m/n/10 ) = [] +
 [] \U/dsrom/m/n/10 E[] [] \OML/cmm/m/it/10 ;
 []

[50]
Underfull \vbox (badness 10000) has occurred while \output is active []

 [51]
[52]
<Prob3/eta007_1.pdf, id=1763, 361.35pt x 226.8475pt>
File: Prob3/eta007_1.pdf Graphic file (type pdf)
<use Prob3/eta007_1.pdf>
Package pdftex.def Info: Prob3/eta007_1.pdf  used on input line 376.
(pdftex.def)             Requested size: 145.68144pt x 91.45389pt.
<Prob3/eta0121_1.pdf, id=1764, 361.35pt x 228.855pt>
File: Prob3/eta0121_1.pdf Graphic file (type pdf)
<use Prob3/eta0121_1.pdf>
Package pdftex.def Info: Prob3/eta0121_1.pdf  used on input line 377.
(pdftex.def)             Requested size: 145.68144pt x 92.26321pt.
<Prob3/eta013_1.pdf, id=1765, 361.35pt x 228.855pt>
File: Prob3/eta013_1.pdf Graphic file (type pdf)
<use Prob3/eta013_1.pdf>
Package pdftex.def Info: Prob3/eta013_1.pdf  used on input line 378.
(pdftex.def)             Requested size: 145.68144pt x 92.26321pt.
<Prob3/eta007dash_1.pdf, id=1766, 361.35pt x 234.8775pt>
File: Prob3/eta007dash_1.pdf Graphic file (type pdf)
<use Prob3/eta007dash_1.pdf>
Package pdftex.def Info: Prob3/eta007dash_1.pdf  used on input line 379.
(pdftex.def)             Requested size: 145.68144pt x 94.69121pt.
<Prob3/eta012dash_1.pdf, id=1767, 361.35pt x 234.8775pt>
File: Prob3/eta012dash_1.pdf Graphic file (type pdf)
<use Prob3/eta012dash_1.pdf>
Package pdftex.def Info: Prob3/eta012dash_1.pdf  used on input line 380.
(pdftex.def)             Requested size: 145.68144pt x 94.69121pt.
<Prob3/eta013dash.pdf, id=1768, 397.485pt x 259.97125pt>
File: Prob3/eta013dash.pdf Graphic file (type pdf)
<use Prob3/eta013dash.pdf>
Package pdftex.def Info: Prob3/eta013dash.pdf  used on input line 381.
(pdftex.def)             Requested size: 145.68144pt x 95.28342pt.

Underfull \vbox (badness 4569) has occurred while \output is active []

 [53 <./Prob3/eta007_1.pdf> <./Prob3/eta0121_1.pdf

pdfTeX warning: pdflatex.exe (file ./Prob3/eta0121_1.pdf): PDF inclusion: multi
ple pdfs with page group included in a single page
> <./Prob3/eta013_1.pdf

pdfTeX warning: pdflatex.exe (file ./Prob3/eta013_1.pdf): PDF inclusion: multip
le pdfs with page group included in a single page
> <./Prob3/eta007dash_1.pdf

pdfTeX warning: pdflatex.exe (file ./Prob3/eta007dash_1.pdf): PDF inclusion: mu
ltiple pdfs with page group included in a single page
> <./Prob3/eta012dash_1.pdf

pdfTeX warning: pdflatex.exe (file ./Prob3/eta012dash_1.pdf): PDF inclusion: mu
ltiple pdfs with page group included in a single page
> <./Prob3/eta013dash.pdf

pdfTeX warning: pdflatex.exe (file ./Prob3/eta013dash.pdf): PDF inclusion: mult
iple pdfs with page group included in a single page
>]

Package hyperref Warning: Token not allowed in a PDF string (PDFDocEncoding):
(hyperref)                removing `math shift' on input line 412.


Package hyperref Warning: Token not allowed in a PDF string (PDFDocEncoding):
(hyperref)                removing `subscript' on input line 412.


Package hyperref Warning: Token not allowed in a PDF string (PDFDocEncoding):
(hyperref)                removing `superscript' on input line 412.


Package hyperref Warning: Token not allowed in a PDF string (PDFDocEncoding):
(hyperref)                removing `math shift' on input line 412.

<Prob3/x1Aeta.pdf, id=1882, 361.35pt x 228.855pt>
File: Prob3/x1Aeta.pdf Graphic file (type pdf)
<use Prob3/x1Aeta.pdf>
Package pdftex.def Info: Prob3/x1Aeta.pdf  used on input line 459.
(pdftex.def)             Requested size: 145.68144pt x 92.26321pt.
<Prob3/x1Adelta.pdf, id=1883, 361.35pt x 227.85126pt>
File: Prob3/x1Adelta.pdf Graphic file (type pdf)
<use Prob3/x1Adelta.pdf>
Package pdftex.def Info: Prob3/x1Adelta.pdf  used on input line 460.
(pdftex.def)             Requested size: 145.68144pt x 91.85857pt.
<Prob3/x1Asigma.pdf, id=1884, 361.35pt x 231.86626pt>
File: Prob3/x1Asigma.pdf Graphic file (type pdf)
<use Prob3/x1Asigma.pdf>
Package pdftex.def Info: Prob3/x1Asigma.pdf  used on input line 461.
(pdftex.def)             Requested size: 145.68144pt x 93.47722pt.
<Prob3/x1Ar.pdf, id=1885, 361.35pt x 233.87375pt>
File: Prob3/x1Ar.pdf Graphic file (type pdf)
<use Prob3/x1Ar.pdf>
Package pdftex.def Info: Prob3/x1Ar.pdf  used on input line 462.
(pdftex.def)             Requested size: 145.68144pt x 94.28653pt.
<Prob3/x1Ak0.pdf, id=1886, 361.35pt x 224.84pt>
File: Prob3/x1Ak0.pdf Graphic file (type pdf)
<use Prob3/x1Ak0.pdf>
Package pdftex.def Info: Prob3/x1Ak0.pdf  used on input line 463.
(pdftex.def)             Requested size: 145.68144pt x 90.64458pt.
<Prob3/x1Ak1.pdf, id=1887, 361.35pt x 224.84pt>
File: Prob3/x1Ak1.pdf Graphic file (type pdf)
<use Prob3/x1Ak1.pdf>
Package pdftex.def Info: Prob3/x1Ak1.pdf  used on input line 464.
(pdftex.def)             Requested size: 145.68144pt x 90.64458pt.
<Prob3/x1Aalpha.pdf, id=1890, 361.35pt x 227.85126pt>
File: Prob3/x1Aalpha.pdf Graphic file (type pdf)
<use Prob3/x1Aalpha.pdf>
Package pdftex.def Info: Prob3/x1Aalpha.pdf  used on input line 474.
(pdftex.def)             Requested size: 145.68144pt x 91.85857pt.
<Prob3/x1Amu.pdf, id=1891, 361.35pt x 241.90375pt>
File: Prob3/x1Amu.pdf Graphic file (type pdf)
<use Prob3/x1Amu.pdf>
Package pdftex.def Info: Prob3/x1Amu.pdf  used on input line 475.
(pdftex.def)             Requested size: 145.68144pt x 97.52385pt.
<Prob3/x1Atheta.pdf, id=1892, 361.35pt x 228.855pt>
File: Prob3/x1Atheta.pdf Graphic file (type pdf)
<use Prob3/x1Atheta.pdf>
Package pdftex.def Info: Prob3/x1Atheta.pdf  used on input line 476.
(pdftex.def)             Requested size: 145.68144pt x 92.26321pt.

Package hyperref Warning: Token not allowed in a PDF string (PDFDocEncoding):
(hyperref)                removing `math shift' on input line 485.


Package hyperref Warning: Token not allowed in a PDF string (PDFDocEncoding):
(hyperref)                removing `subscript' on input line 485.


Package hyperref Warning: Token not allowed in a PDF string (PDFDocEncoding):
(hyperref)                removing `superscript' on input line 485.


Package hyperref Warning: Token not allowed in a PDF string (PDFDocEncoding):
(hyperref)                removing `math shift' on input line 485.

[54]

Package hyperref Warning: Token not allowed in a PDF string (PDFDocEncoding):
(hyperref)                removing `math shift' on input line 492.


Package hyperref Warning: Token not allowed in a PDF string (PDFDocEncoding):
(hyperref)                removing `subscript' on input line 492.


Package hyperref Warning: Token not allowed in a PDF string (PDFDocEncoding):
(hyperref)                removing `superscript' on input line 492.


Package hyperref Warning: Token not allowed in a PDF string (PDFDocEncoding):
(hyperref)                removing `math shift' on input line 492.

[55 <./Prob3/x1Aeta.pdf> <./Prob3/x1Adelta.pdf

pdfTeX warning: pdflatex.exe (file ./Prob3/x1Adelta.pdf): PDF inclusion: multip
le pdfs with page group included in a single page
> <./Prob3/x1Asigma.pdf

pdfTeX warning: pdflatex.exe (file ./Prob3/x1Asigma.pdf): PDF inclusion: multip
le pdfs with page group included in a single page
> <./Prob3/x1Ar.pdf

pdfTeX warning: pdflatex.exe (file ./Prob3/x1Ar.pdf): PDF inclusion: multiple p
dfs with page group included in a single page
> <./Prob3/x1Ak0.pdf

pdfTeX warning: pdflatex.exe (file ./Prob3/x1Ak0.pdf): PDF inclusion: multiple 
pdfs with page group included in a single page
> <./Prob3/x1Ak1.pdf

pdfTeX warning: pdflatex.exe (file ./Prob3/x1Ak1.pdf): PDF inclusion: multiple 
pdfs with page group included in a single page
> <./Prob3/x1Aalpha.pdf

pdfTeX warning: pdflatex.exe (file ./Prob3/x1Aalpha.pdf): PDF inclusion: multip
le pdfs with page group included in a single page
> <./Prob3/x1Amu.pdf

pdfTeX warning: pdflatex.exe (file ./Prob3/x1Amu.pdf): PDF inclusion: multiple 
pdfs with page group included in a single page
> <./Prob3/x1Atheta.pdf

pdfTeX warning: pdflatex.exe (file ./Prob3/x1Atheta.pdf): PDF inclusion: multip
le pdfs with page group included in a single page
>]
<Prob3/x2sigma.pdf, id=2133, 361.35pt x 233.87375pt>
File: Prob3/x2sigma.pdf Graphic file (type pdf)
<use Prob3/x2sigma.pdf>
Package pdftex.def Info: Prob3/x2sigma.pdf  used on input line 520.
(pdftex.def)             Requested size: 204.85846pt x 132.58855pt.
<Prob3/x2eta.pdf, id=2137, 361.35pt x 234.8775pt>
File: Prob3/x2eta.pdf Graphic file (type pdf)
<use Prob3/x2eta.pdf>
Package pdftex.def Info: Prob3/x2eta.pdf  used on input line 532.
(pdftex.def)             Requested size: 145.68144pt x 94.69121pt.
<Prob3/x2alpha.pdf, id=2138, 361.35pt x 233.87375pt>
File: Prob3/x2alpha.pdf Graphic file (type pdf)
<use Prob3/x2alpha.pdf>
Package pdftex.def Info: Prob3/x2alpha.pdf  used on input line 533.
(pdftex.def)             Requested size: 145.68144pt x 94.28653pt.
<Prob3/x2k.pdf, id=2139, 361.35pt x 226.8475pt>
File: Prob3/x2k.pdf Graphic file (type pdf)
<use Prob3/x2k.pdf>
Package pdftex.def Info: Prob3/x2k.pdf  used on input line 534.
(pdftex.def)             Requested size: 145.68144pt x 91.45389pt.
<Prob3/x2k0.pdf, id=2140, 361.35pt x 230.8625pt>
File: Prob3/x2k0.pdf Graphic file (type pdf)
<use Prob3/x2k0.pdf>
Package pdftex.def Info: Prob3/x2k0.pdf  used on input line 535.
(pdftex.def)             Requested size: 145.68144pt x 93.07254pt.
<Prob3/x2r.pdf, id=2141, 361.35pt x 232.87pt>
File: Prob3/x2r.pdf Graphic file (type pdf)
<use Prob3/x2r.pdf>
Package pdftex.def Info: Prob3/x2r.pdf  used on input line 536.
(pdftex.def)             Requested size: 145.68144pt x 93.88187pt.
<Prob3/x2mu.pdf, id=2142, 361.35pt x 240.9pt>
File: Prob3/x2mu.pdf Graphic file (type pdf)
<use Prob3/x2mu.pdf>
Package pdftex.def Info: Prob3/x2mu.pdf  used on input line 537.
(pdftex.def)             Requested size: 145.68144pt x 97.11919pt.
) [56 <./Prob3/x2sigma.pdf> <./Prob3/x2eta.pdf

pdfTeX warning: pdflatex.exe (file ./Prob3/x2eta.pdf): PDF inclusion: multiple 
pdfs with page group included in a single page
> <./Prob3/x2alpha.pdf

pdfTeX warning: pdflatex.exe (file ./Prob3/x2alpha.pdf): PDF inclusion: multipl
e pdfs with page group included in a single page
> <./Prob3/x2k.pdf

pdfTeX warning: pdflatex.exe (file ./Prob3/x2k.pdf): PDF inclusion: multiple pd
fs with page group included in a single page
> <./Prob3/x2k0.pdf

pdfTeX warning: pdflatex.exe (file ./Prob3/x2k0.pdf): PDF inclusion: multiple p
dfs with page group included in a single page
> <./Prob3/x2r.pdf

pdfTeX warning: pdflatex.exe (file ./Prob3/x2r.pdf): PDF inclusion: multiple pd
fs with page group included in a single page
> <./Prob3/x2mu.pdf

pdfTeX warning: pdflatex.exe (file ./Prob3/x2mu.pdf): PDF inclusion: multiple p
dfs with page group included in a single page
>] (Tese_StopTime.tex
Chapter 6.

Package hyperref Warning: Token not allowed in a PDF string (PDFDocEncoding):
(hyperref)                removing `math shift' on input line 16.


Package hyperref Warning: Token not allowed in a PDF string (PDFDocEncoding):
(hyperref)                removing `subscript' on input line 16.


Package hyperref Warning: Token not allowed in a PDF string (PDFDocEncoding):
(hyperref)                removing `math shift' on input line 16.

[57


] [58]
<StopTime/1_BMtau.pdf, id=2340, 344.28625pt x 226.8475pt>
File: StopTime/1_BMtau.pdf Graphic file (type pdf)
<use StopTime/1_BMtau.pdf>
Package pdftex.def Info: StopTime/1_BMtau.pdf  used on input line 78.
(pdftex.def)             Requested size: 159.33821pt x 104.98454pt.
<StopTime/1_BMsd.pdf, id=2342, 361.35pt x 236.885pt>
File: StopTime/1_BMsd.pdf Graphic file (type pdf)
<use StopTime/1_BMsd.pdf>
Package pdftex.def Info: StopTime/1_BMsd.pdf  used on input line 79.
(pdftex.def)             Requested size: 159.33821pt x 104.45381pt.
<StopTime/1_COMtau.pdf, id=2345, 374.39874pt x 244.915pt>
File: StopTime/1_COMtau.pdf Graphic file (type pdf)
<use StopTime/1_COMtau.pdf>
Package pdftex.def Info: StopTime/1_COMtau.pdf  used on input line 80.
(pdftex.def)             Requested size: 159.33821pt x 104.23137pt.
<StopTime/1_COMsd.pdf, id=2347, 361.35pt x 236.885pt>
File: StopTime/1_COMsd.pdf Graphic file (type pdf)
<use StopTime/1_COMsd.pdf>
Package pdftex.def Info: StopTime/1_COMsd.pdf  used on input line 81.
(pdftex.def)             Requested size: 159.33821pt x 104.45381pt.
<StopTime/2_BMtau.pdf, id=2349, 361.35pt x 236.885pt>
File: StopTime/2_BMtau.pdf Graphic file (type pdf)
<use StopTime/2_BMtau.pdf>
Package pdftex.def Info: StopTime/2_BMtau.pdf  used on input line 82.
(pdftex.def)             Requested size: 159.33821pt x 104.45381pt.
<StopTime/2_BMsd.pdf, id=2351, 361.35pt x 236.885pt>
File: StopTime/2_BMsd.pdf Graphic file (type pdf)
<use StopTime/2_BMsd.pdf>
Package pdftex.def Info: StopTime/2_BMsd.pdf  used on input line 83.
(pdftex.def)             Requested size: 159.33821pt x 104.45381pt.
<StopTime/2_COMtau.pdf, id=2354, 361.35pt x 236.885pt>
File: StopTime/2_COMtau.pdf Graphic file (type pdf)
<use StopTime/2_COMtau.pdf>
Package pdftex.def Info: StopTime/2_COMtau.pdf  used on input line 84.
(pdftex.def)             Requested size: 159.33821pt x 104.45381pt.
<StopTime/2_COMsd.pdf, id=2356, 361.35pt x 236.885pt>
File: StopTime/2_COMsd.pdf Graphic file (type pdf)
<use StopTime/2_COMsd.pdf>
Package pdftex.def Info: StopTime/2_COMsd.pdf  used on input line 85.
(pdftex.def)             Requested size: 159.33821pt x 104.45381pt.
<StopTime/3_BMtau.pdf, id=2359, 430.60875pt x 280.04625pt>
File: StopTime/3_BMtau.pdf Graphic file (type pdf)
<use StopTime/3_BMtau.pdf>
Package pdftex.def Info: StopTime/3_BMtau.pdf  used on input line 86.
(pdftex.def)             Requested size: 159.33821pt x 103.6283pt.
<StopTime/3_BMsd.pdf, id=2361, 361.35pt x 234.8775pt>
File: StopTime/3_BMsd.pdf Graphic file (type pdf)
<use StopTime/3_BMsd.pdf>
Package pdftex.def Info: StopTime/3_BMsd.pdf  used on input line 87.
(pdftex.def)             Requested size: 159.33821pt x 103.56862pt.

Underfull \vbox (badness 10000) has occurred while \output is active []

 [59 <./StopTime/1_BMtau.pdf> <./StopTime/1_BMsd.pdf

pdfTeX warning: pdflatex.exe (file ./StopTime/1_BMsd.pdf): PDF inclusion: multi
ple pdfs with page group included in a single page
> <./StopTime/1_COMtau.pdf

pdfTeX warning: pdflatex.exe (file ./StopTime/1_COMtau.pdf): PDF inclusion: mul
tiple pdfs with page group included in a single page
> <./StopTime/1_COMsd.pdf

pdfTeX warning: pdflatex.exe (file ./StopTime/1_COMsd.pdf): PDF inclusion: mult
iple pdfs with page group included in a single page
> <./StopTime/2_BMtau.pdf

pdfTeX warning: pdflatex.exe (file ./StopTime/2_BMtau.pdf): PDF inclusion: mult
iple pdfs with page group included in a single page
> <./StopTime/2_BMsd.pdf

pdfTeX warning: pdflatex.exe (file ./StopTime/2_BMsd.pdf): PDF inclusion: multi
ple pdfs with page group included in a single page
> <./StopTime/2_COMtau.pdf

pdfTeX warning: pdflatex.exe (file ./StopTime/2_COMtau.pdf): PDF inclusion: mul
tiple pdfs with page group included in a single page
> <./StopTime/2_COMsd.pdf

pdfTeX warning: pdflatex.exe (file ./StopTime/2_COMsd.pdf): PDF inclusion: mult
iple pdfs with page group included in a single page
> <./StopTime/3_BMtau.pdf

pdfTeX warning: pdflatex.exe (file ./StopTime/3_BMtau.pdf): PDF inclusion: mult
iple pdfs with page group included in a single page
> <./StopTime/3_BMsd.pdf

pdfTeX warning: pdflatex.exe (file ./StopTime/3_BMsd.pdf): PDF inclusion: multi
ple pdfs with page group included in a single page
>] [60]
<StopTime/1_meantauSP500H1500.pdf, id=2620, 421.575pt x 271.0125pt>
File: StopTime/1_meantauSP500H1500.pdf Graphic file (type pdf)
<use StopTime/1_meantauSP500H1500.pdf>
Package pdftex.def Info: StopTime/1_meantauSP500H1500.pdf  used on input line 1
47.
(pdftex.def)             Requested size: 145.68144pt x 93.6524pt.
<StopTime/1_x.pdf, id=2621, 392.46625pt x 246.9225pt>
File: StopTime/1_x.pdf Graphic file (type pdf)
<use StopTime/1_x.pdf>
Package pdftex.def Info: StopTime/1_x.pdf  used on input line 148.
(pdftex.def)             Requested size: 145.68144pt x 91.65753pt.
<StopTime/1_k.pdf, id=2622, 387.4475pt x 245.91875pt>
File: StopTime/1_k.pdf Graphic file (type pdf)
<use StopTime/1_k.pdf>
Package pdftex.def Info: StopTime/1_k.pdf  used on input line 149.
(pdftex.def)             Requested size: 145.68144pt x 92.46695pt.
 [61 <./StopTime/1_meantauSP500H1500.pdf> <./StopTime/1_x.pdf

pdfTeX warning: pdflatex.exe (file ./StopTime/1_x.pdf): PDF inclusion: multiple
 pdfs with page group included in a single page
> <./StopTime/1_k.pdf

pdfTeX warning: pdflatex.exe (file ./StopTime/1_k.pdf): PDF inclusion: multiple
 pdfs with page group included in a single page
>]
Overfull \hbox (54.87022pt too wide) in paragraph at lines 172--172
[]|$[]$|  
 []


Overfull \hbox (49.87021pt too wide) in paragraph at lines 174--174
[]|$[]$|  
 []

<StopTime/1_varSP500H1500.pdf, id=2717, 527.9725pt x 322.20375pt>
File: StopTime/1_varSP500H1500.pdf Graphic file (type pdf)
<use StopTime/1_varSP500H1500.pdf>
Package pdftex.def Info: StopTime/1_varSP500H1500.pdf  used on input line 190.
(pdftex.def)             Requested size: 182.09486pt x 111.12599pt.
<StopTime/1_varSP500H1500_35.pdf, id=2718, 723.70375pt x 443.6575pt>
File: StopTime/1_varSP500H1500_35.pdf Graphic file (type pdf)
<use StopTime/1_varSP500H1500_35.pdf>
Package pdftex.def Info: StopTime/1_varSP500H1500_35.pdf  used on input line 19
1.
(pdftex.def)             Requested size: 182.09486pt x 111.63168pt.
<StopTime/2_meantauSP500H1500.pdf, id=2723, 641.39626pt x 407.5225pt>
File: StopTime/2_meantauSP500H1500.pdf Graphic file (type pdf)
<use StopTime/2_meantauSP500H1500.pdf>
Package pdftex.def Info: StopTime/2_meantauSP500H1500.pdf  used on input line 2
08.
(pdftex.def)             Requested size: 145.68144pt x 92.55916pt.
<StopTime/2_x.pdf, id=2724, 487.8225pt x 304.13625pt>
File: StopTime/2_x.pdf Graphic file (type pdf)
<use StopTime/2_x.pdf>
Package pdftex.def Info: StopTime/2_x.pdf  used on input line 209.
(pdftex.def)             Requested size: 145.68144pt x 90.8239pt.
<StopTime/2_k.pdf, id=2725, 361.35pt x 230.8625pt>
File: StopTime/2_k.pdf Graphic file (type pdf)
<use StopTime/2_k.pdf>
Package pdftex.def Info: StopTime/2_k.pdf  used on input line 210.
(pdftex.def)             Requested size: 145.68144pt x 93.07254pt.

Overfull \hbox (54.87022pt too wide) in paragraph at lines 228--228
[]|$[]$|  
 []


Overfull \hbox (49.87021pt too wide) in paragraph at lines 230--230
[]|$[]$|  
 []

[62 <./StopTime/1_varSP500H1500.pdf> <./StopTime/1_varSP500H1500_35.pdf

pdfTeX warning: pdflatex.exe (file ./StopTime/1_varSP500H1500_35.pdf): PDF incl
usion: multiple pdfs with page group included in a single page
>]
<StopTime/2_varSP500H1500.pdf, id=2792, 443.6575pt x 271.0125pt>
File: StopTime/2_varSP500H1500.pdf Graphic file (type pdf)
<use StopTime/2_varSP500H1500.pdf>
Package pdftex.def Info: StopTime/2_varSP500H1500.pdf  used on input line 243.
(pdftex.def)             Requested size: 182.09486pt x 111.23163pt.
<StopTime/2_varSP500H1500_35.pdf, id=2793, 636.3775pt x 389.455pt>
File: StopTime/2_varSP500H1500_35.pdf Graphic file (type pdf)
<use StopTime/2_varSP500H1500_35.pdf>
Package pdftex.def Info: StopTime/2_varSP500H1500_35.pdf  used on input line 24
4.
(pdftex.def)             Requested size: 182.09486pt x 111.43558pt.
 [63 <./StopTime/2_meantauSP500H1500.pdf> <./StopTime/2_x.pdf

pdfTeX warning: pdflatex.exe (file ./StopTime/2_x.pdf): PDF inclusion: multiple
 pdfs with page group included in a single page
> <./StopTime/2_k.pdf

pdfTeX warning: pdflatex.exe (file ./StopTime/2_k.pdf): PDF inclusion: multiple
 pdfs with page group included in a single page
> <./StopTime/2_varSP500H1500.pdf

pdfTeX warning: pdflatex.exe (file ./StopTime/2_varSP500H1500.pdf): PDF inclusi
on: multiple pdfs with page group included in a single page
> <./StopTime/2_varSP500H1500_35.pdf

pdfTeX warning: pdflatex.exe (file ./StopTime/2_varSP500H1500_35.pdf): PDF incl
usion: multiple pdfs with page group included in a single page
>]
<StopTime/3_meantau.pdf, id=2939, 361.35pt x 233.87375pt>
File: StopTime/3_meantau.pdf Graphic file (type pdf)
<use StopTime/3_meantau.pdf>
Package pdftex.def Info: StopTime/3_meantau.pdf  used on input line 261.
(pdftex.def)             Requested size: 145.68144pt x 94.28653pt.
<StopTime/3_x.pdf, id=2940, 361.35pt x 237.88875pt>
File: StopTime/3_x.pdf Graphic file (type pdf)
<use StopTime/3_x.pdf>
Package pdftex.def Info: StopTime/3_x.pdf  used on input line 262.
(pdftex.def)             Requested size: 145.68144pt x 95.90518pt.
<StopTime/3_var.pdf, id=2941, 615.29875pt x 376.40625pt>
File: StopTime/3_var.pdf Graphic file (type pdf)
<use StopTime/3_var.pdf>
Package pdftex.def Info: StopTime/3_var.pdf  used on input line 263.
(pdftex.def)             Requested size: 145.68144pt x 89.11597pt.

Overfull \hbox (53.20357pt too wide) in paragraph at lines 280--280
[]|$[]$|  
 []


Overfull \hbox (53.20357pt too wide) in paragraph at lines 281--281
[]|$[]$|  
 []

) [64 <./StopTime/3_meantau.pdf> <./StopTime/3_x.pdf

pdfTeX warning: pdflatex.exe (file ./StopTime/3_x.pdf): PDF inclusion: multiple
 pdfs with page group included in a single page
> <./StopTime/3_var.pdf

pdfTeX warning: pdflatex.exe (file ./StopTime/3_var.pdf): PDF inclusion: multip
le pdfs with page group included in a single page
>] (Tese_MaximExp.tex
Chapter 7.
[65


] [66] [67]

LaTeX Warning: Reference `subsec:RDcap1' on page 68 undefined on input line 126
.

[68]
Underfull \vbox (badness 10000) has occurred while \output is active []

 [69]
<Jumps/RgammaV.pdf, id=3101, 660.4675pt x 264.99pt>
File: Jumps/RgammaV.pdf Graphic file (type pdf)
<use Jumps/RgammaV.pdf>
Package pdftex.def Info: Jumps/RgammaV.pdf  used on input line 211.
(pdftex.def)             Requested size: 204.85846pt x 82.19052pt.
<Jumps/RVgamma5.pdf, id=3102, 361.35pt x 238.8925pt>
File: Jumps/RVgamma5.pdf Graphic file (type pdf)
<use Jumps/RVgamma5.pdf>
Package pdftex.def Info: Jumps/RVgamma5.pdf  used on input line 213.
(pdftex.def)             Requested size: 204.85846pt x 135.43379pt.

[70 <./Jumps/RgammaV.pdf> <./Jumps/RVgamma5.pdf

pdfTeX warning: pdflatex.exe (file ./Jumps/RVgamma5.pdf): PDF inclusion: multip
le pdfs with page group included in a single page
>]
<Jumps/gammanR.pdf, id=3131, 432.61626pt x 253.94875pt>
File: Jumps/gammanR.pdf Graphic file (type pdf)
<use Jumps/gammanR.pdf>
Package pdftex.def Info: Jumps/gammanR.pdf  used on input line 227.
(pdftex.def)             Requested size: 204.85846pt x 120.2549pt.
<Jumps/jump.pdf, id=3132, 361.35pt x 238.8925pt>
File: Jumps/jump.pdf Graphic file (type pdf)
<use Jumps/jump.pdf>
Package pdftex.def Info: Jumps/jump.pdf  used on input line 229.
(pdftex.def)             Requested size: 204.85846pt x 135.43379pt.
<Jumps/gammanlambda.pdf, id=3134, 403.5075pt x 241.90375pt>
File: Jumps/gammanlambda.pdf Graphic file (type pdf)
<use Jumps/gammanlambda.pdf>
Package pdftex.def Info: Jumps/gammanlambda.pdf  used on input line 239.
(pdftex.def)             Requested size: 204.85846pt x 122.8119pt.
<Jumps/gammanV.pdf, id=3135, 369.38pt x 251.94125pt>
File: Jumps/gammanV.pdf Graphic file (type pdf)
<use Jumps/gammanV.pdf>
Package pdftex.def Info: Jumps/gammanV.pdf  used on input line 241.
(pdftex.def)             Requested size: 204.85846pt x 139.72525pt.
) [71 <./Jumps/gammanR.pdf> <./Jumps/jump.pdf

pdfTeX warning: pdflatex.exe (file ./Jumps/jump.pdf): PDF inclusion: multiple p
dfs with page group included in a single page
> <./Jumps/gammanlambda.pdf

pdfTeX warning: pdflatex.exe (file ./Jumps/gammanlambda.pdf): PDF inclusion: mu
ltiple pdfs with page group included in a single page
> <./Jumps/gammanV.pdf

pdfTeX warning: pdflatex.exe (file ./Jumps/gammanV.pdf): PDF inclusion: multipl
e pdfs with page group included in a single page
>] [72

] (Thesis_Conclusions.tex
Chapter 8.
) [73

] [74

] (Thesis.bbl

LaTeX Warning: Command \O invalid in math mode on input line 53.


LaTeX Warning: Command \O invalid in math mode on input line 66.

) [75

] [76

] (Thesis_Appendix_A.tex
Appendix A.
) [77

] [78

] (Thesis_Appendix_B.tex
Appendix B.

! Package pdfpages Error: Cannot find file `Figures/SolarCell_Sunpower_C60.pdf'
.

See the pdfpages package documentation for explanation.
Type  H <return>  for immediate help.
 ...                                              
                                                  
l.22 ...=true]{Figures/SolarCell_Sunpower_C60.pdf}
                                                  
This error message was generated by an \errmessage
command, so I can't give any explicit help.
Pretend that you're Hercule Poirot: Examine all clues,
and deduce the truth by order and method.

! Undefined control sequence.
\AM@checkpagenumber #1->\ifnum #1>\AM@pagecount 
                                                \relax \ifthenelse {\boolean...
l.22 ...=true]{Figures/SolarCell_Sunpower_C60.pdf}
                                                  
The control sequence at the end of the top line
of your error message was never \def'ed. If you have
misspelled it (e.g., `\hobx'), type `I' and the correct
spelling (e.g., `I\hbox'). Otherwise just continue,
and I'll forget about whatever was undefined.

! Missing number, treated as zero.
<to be read again> 
                   \relax 
l.22 ...=true]{Figures/SolarCell_Sunpower_C60.pdf}
                                                  
A number should have been here; I inserted `0'.
(If you can't figure out why I needed to see a number,
look up `weird error' in the index to The TeXbook.)


! Package pdfpages Error: Page 1 of `\AM@currentdocname ' does not exist.

See the pdfpages package documentation for explanation.
Type  H <return>  for immediate help.
 ...                                              
                                                  
l.22 ...=true]{Figures/SolarCell_Sunpower_C60.pdf}
                                                  
You have set a wrong page number in the `pages' option. Document 
`\AM@currentdocname ' does not have 1 pages.

! Undefined control sequence.
\AM@checkpagenumber #1->\ifnum #1>\AM@pagecount 
                                                \relax \ifthenelse {\boolean...
l.22 ...=true]{Figures/SolarCell_Sunpower_C60.pdf}
                                                  
The control sequence at the end of the top line
of your error message was never \def'ed. If you have
misspelled it (e.g., `\hobx'), type `I' and the correct
spelling (e.g., `I\hbox'). Otherwise just continue,
and I'll forget about whatever was undefined.

! Missing number, treated as zero.
<to be read again> 
                   \relax 
l.22 ...=true]{Figures/SolarCell_Sunpower_C60.pdf}
                                                  
A number should have been here; I inserted `0'.
(If you can't figure out why I needed to see a number,
look up `weird error' in the index to The TeXbook.)


! Package pdfpages Error: Page 2 of `\AM@currentdocname ' does not exist.

See the pdfpages package documentation for explanation.
Type  H <return>  for immediate help.
 ...                                              
                                                  
l.22 ...=true]{Figures/SolarCell_Sunpower_C60.pdf}
                                                  
You have set a wrong page number in the `pages' option. Document 
`\AM@currentdocname ' does not have 2 pages.


! Package pdftex.def Error: File `\AM@currentdocname .pdf' not found: using dra
ft setting.

See the pdftex.def package documentation for explanation.
Type  H <return>  for immediate help.
 ...                                              
                                                  
l.22 ...=true]{Figures/SolarCell_Sunpower_C60.pdf}
                                                  
Try typing  <return>  to proceed.
If that doesn't work, type  X <return>  to quit.


! Package pdftex.def Error: File `\AM@currentdocname .pdf' not found: using dra
ft setting.

See the pdftex.def package documentation for explanation.
Type  H <return>  for immediate help.
 ...                                              
                                                  
l.22 ...=true]{Figures/SolarCell_Sunpower_C60.pdf}
                                                  
Try typing  <return>  to proceed.
If that doesn't work, type  X <return>  to quit.

[79

]

! Package pdftex.def Error: File `\AM@currentdocname .pdf' not found: using dra
ft setting.

See the pdftex.def package documentation for explanation.
Type  H <return>  for immediate help.
 ...                                              
                                                  
l.22 ...=true]{Figures/SolarCell_Sunpower_C60.pdf}
                                                  
Try typing  <return>  to proceed.
If that doesn't work, type  X <return>  to quit.


! Package pdftex.def Error: File `\AM@currentdocname .pdf' not found: using dra
ft setting.

See the pdftex.def package documentation for explanation.
Type  H <return>  for immediate help.
 ...                                              
                                                  
l.22 ...=true]{Figures/SolarCell_Sunpower_C60.pdf}
                                                  
Try typing  <return>  to proceed.
If that doesn't work, type  X <return>  to quit.


! Package pdftex.def Error: File `\AM@currentdocname .pdf' not found: using dra
ft setting.

See the pdftex.def package documentation for explanation.
Type  H <return>  for immediate help.
 ...                                              
                                                  
l.22 ...=true]{Figures/SolarCell_Sunpower_C60.pdf}
                                                  
Try typing  <return>  to proceed.
If that doesn't work, type  X <return>  to quit.


! Package pdftex.def Error: File `\AM@currentdocname .pdf' not found: using dra
ft setting.

See the pdftex.def package documentation for explanation.
Type  H <return>  for immediate help.
 ...                                              
                                                  
l.22 ...=true]{Figures/SolarCell_Sunpower_C60.pdf}
                                                  
Try typing  <return>  to proceed.
If that doesn't work, type  X <return>  to quit.


! Package pdftex.def Error: File `\AM@currentdocname .pdf' not found: using dra
ft setting.

See the pdftex.def package documentation for explanation.
Type  H <return>  for immediate help.
 ...                                              
                                                  
l.22 ...=true]{Figures/SolarCell_Sunpower_C60.pdf}
                                                  
Try typing  <return>  to proceed.
If that doesn't work, type  X <return>  to quit.


! Package pdftex.def Error: File `\AM@currentdocname .pdf' not found: using dra
ft setting.

See the pdftex.def package documentation for explanation.
Type  H <return>  for immediate help.
 ...                                              
                                                  
l.22 ...=true]{Figures/SolarCell_Sunpower_C60.pdf}
                                                  
Try typing  <return>  to proceed.
If that doesn't work, type  X <return>  to quit.

[80])
Package atveryend Info: Empty hook `BeforeClearDocument' on input line 274.
Package atveryend Info: Empty hook `AfterLastShipout' on input line 274.
 (Thesis.aux)
Package atveryend Info: Executing hook `AtVeryEndDocument' on input line 274.
Package atveryend Info: Executing hook `AtEndAfterFileList' on input line 274.
Package rerunfilecheck Info: File `Thesis.out' has not changed.
(rerunfilecheck)             Checksum: 4D48A3D2A5C5B2A214EE1238706A888D;4527.


LaTeX Warning: There were undefined references.


LaTeX Warning: There were multiply-defined labels.

Package atveryend Info: Empty hook `AtVeryVeryEnd' on input line 274.
 ) 
Here is how much of TeX's memory you used:
 10937 strings out of 493305
 161722 string characters out of 3130238
 283526 words of memory out of 3000000
 13639 multiletter control sequences out of 15000+200000
 29618 words of font info for 75 fonts, out of 3000000 for 9000
 1141 hyphenation exceptions out of 8191
 38i,19n,41p,964b,490s stack positions out of 5000i,500n,10000p,200000b,50000s
{C:/Users/user/AppData/Local/Programs/MiKTeX 2.9/fonts/enc/dvips/base/8r.enc}
<C:/Users/user/AppData/Local/Programs/MiKTeX 2.9/fonts/type1/public/amsfonts/cm
/cmbx10.pfb><C:/Users/user/AppData/Local/Programs/MiKTeX 2.9/fonts/type1/public
/amsfonts/cm/cmbx12.pfb><C:/Users/user/AppData/Local/Programs/MiKTeX 2.9/fonts/
type1/public/amsfonts/cm/cmex10.pfb><C:/Users/user/AppData/Local/Programs/MiKTe
X 2.9/fonts/type1/public/amsfonts/cmextra/cmex7.pfb><C:/Users/user/AppData/Loca
l/Programs/MiKTeX 2.9/fonts/type1/public/amsfonts/cm/cmmi10.pfb><C:/Users/user/
AppData/Local/Programs/MiKTeX 2.9/fonts/type1/public/amsfonts/cm/cmmi12.pfb><C:
/Users/user/AppData/Local/Programs/MiKTeX 2.9/fonts/type1/public/amsfonts/cm/cm
mi5.pfb><C:/Users/user/AppData/Local/Programs/MiKTeX 2.9/fonts/type1/public/ams
fonts/cm/cmmi6.pfb><C:/Users/user/AppData/Local/Programs/MiKTeX 2.9/fonts/type1
/public/amsfonts/cm/cmmi7.pfb><C:/Users/user/AppData/Local/Programs/MiKTeX 2.9/
fonts/type1/public/amsfonts/cm/cmmi8.pfb><C:/Users/user/AppData/Local/Programs/
MiKTeX 2.9/fonts/type1/public/amsfonts/cm/cmr10.pfb><C:/Users/user/AppData/Loca
l/Programs/MiKTeX 2.9/fonts/type1/public/amsfonts/cm/cmr5.pfb><C:/Users/user/Ap
pData/Local/Programs/MiKTeX 2.9/fonts/type1/public/amsfonts/cm/cmr6.pfb><C:/Use
rs/user/AppData/Local/Programs/MiKTeX 2.9/fonts/type1/public/amsfonts/cm/cmr7.p
fb><C:/Users/user/AppData/Local/Programs/MiKTeX 2.9/fonts/type1/public/amsfonts
/cm/cmr8.pfb><C:/Users/user/AppData/Local/Programs/MiKTeX 2.9/fonts/type1/publi
c/amsfonts/cm/cmsy10.pfb><C:/Users/user/AppData/Local/Programs/MiKTeX 2.9/fonts
/type1/public/amsfonts/cm/cmsy5.pfb><C:/Users/user/AppData/Local/Programs/MiKTe
X 2.9/fonts/type1/public/amsfonts/cm/cmsy6.pfb><C:/Users/user/AppData/Local/Pro
grams/MiKTeX 2.9/fonts/type1/public/amsfonts/cm/cmsy7.pfb><C:/Users/user/AppDat
a/Local/Programs/MiKTeX 2.9/fonts/type1/public/amsfonts/cm/cmsy8.pfb><C:/Users/
user/AppData/Local/Programs/MiKTeX 2.9/fonts/type1/public/amsfonts/cm/cmti10.pf
b><C:/Users/user/AppData/Local/Programs/MiKTeX 2.9/fonts/type1/public/doublestr
oke/dsrom10.pfb><C:/Users/user/AppData/Local/Programs/MiKTeX 2.9/fonts/type1/pu
blic/doublestroke/dsrom8.pfb><C:/Users/user/AppData/Local/Programs/MiKTeX 2.9/f
onts/type1/public/amsfonts/symbols/msam10.pfb><C:/Users/user/AppData/Local/Prog
rams/MiKTeX 2.9/fonts/type1/urw/helvetic/uhvb8a.pfb><C:/Users/user/AppData/Loca
l/Programs/MiKTeX 2.9/fonts/type1/urw/helvetic/uhvr8a.pfb><C:/Users/user/AppDat
a/Local/Programs/MiKTeX 2.9/fonts/type1/urw/times/utmr8a.pfb>
Output written on Thesis.pdf (96 pages, 9144401 bytes).
PDF statistics:
 3412 PDF objects out of 3580 (max. 8388607)
 486 named destinations out of 1000 (max. 500000)
 894 words of extra memory for PDF output out of 10000 (max. 10000000)

