\BOOKMARK [1][-]{section*.1}{Acknowledgments}{}% 1
\BOOKMARK [1][-]{section*.2}{Resumo}{}% 2
\BOOKMARK [1][-]{section*.3}{Abstract}{}% 3
\BOOKMARK [1][-]{section*.5}{List of Tables}{}% 4
\BOOKMARK [1][-]{section*.7}{List of Figures}{}% 5
\BOOKMARK [1][-]{section*.9}{Nomenclature}{}% 6
\BOOKMARK [1][-]{section*.10}{Glossary}{}% 7
\BOOKMARK [0][-]{chapter.1}{1 Introduction}{}% 8
\BOOKMARK [1][-]{section.1.1}{1.1 Motivation}{chapter.1}% 9
\BOOKMARK [1][-]{section.1.2}{1.2 Optimal Stopping Problems}{chapter.1}% 10
\BOOKMARK [1][-]{section.1.3}{1.3 Thesis Outline}{chapter.1}% 11
\BOOKMARK [2][-]{subsection.1.3.1}{1.3.1 Some Notation}{section.1.3}% 12
\BOOKMARK [0][-]{chapter.2}{2 Investing and entering the market with a new product \(Firm is not active before investing\)}{}% 13
\BOOKMARK [1][-]{section.2.1}{2.1 Introduction}{chapter.2}% 14
\BOOKMARK [1][-]{section.2.2}{2.2 Stopping Problem}{chapter.2}% 15
\BOOKMARK [2][-]{subsection.2.2.1}{2.2.1 Benchmark Model}{section.2.2}% 16
\BOOKMARK [2][-]{subsection.2.2.2}{2.2.2 Capacity Optimization Model}{section.2.2}% 17
\BOOKMARK [1][-]{section.2.3}{2.3 Comparative Statics}{chapter.2}% 18
\BOOKMARK [2][-]{subsection.2.3.1}{2.3.1 Benchmark Model}{section.2.3}% 19
\BOOKMARK [2][-]{subsection.2.3.2}{2.3.2 Capacity Optimization Model}{section.2.3}% 20
\BOOKMARK [2][-]{subsection.2.3.3}{2.3.3 R\046D and Capacity Optimization Model}{section.2.3}% 21
\BOOKMARK [0][-]{chapter.3}{3 Adding a new product when already producing one \(Firm is already active before investing\)}{}% 22
\BOOKMARK [1][-]{section.3.1}{3.1 Introduction}{chapter.3}% 23
\BOOKMARK [1][-]{section.3.2}{3.2 Stopping Problem}{chapter.3}% 24
\BOOKMARK [2][-]{subsection.3.2.1}{3.2.1 Benchmark Model}{section.3.2}% 25
\BOOKMARK [2][-]{subsection.3.2.2}{3.2.2 Capacity Optimization Model}{section.3.2}% 26
\BOOKMARK [1][-]{section.3.3}{3.3 Comparative Statics}{chapter.3}% 27
\BOOKMARK [2][-]{subsection.3.3.1}{3.3.1 Benchmark Model}{section.3.3}% 28
\BOOKMARK [2][-]{subsection.3.3.2}{3.3.2 Capacity Optimization Model}{section.3.3}% 29
\BOOKMARK [0][-]{chapter.4}{4 Adding a new product when already producing one w/ cannibalisation \(Firm is already active before investing\)}{}% 30
\BOOKMARK [1][-]{section.4.1}{4.1 Introduction}{chapter.4}% 31
\BOOKMARK [1][-]{section.4.2}{4.2 Stopping Problem}{chapter.4}% 32
\BOOKMARK [2][-]{subsection.4.2.1}{4.2.1 Benchmark Model}{section.4.2}% 33
\BOOKMARK [2][-]{subsection.4.2.2}{4.2.2 Capacity Optimization Model}{section.4.2}% 34
\BOOKMARK [1][-]{section.4.3}{4.3 Comparative Statics}{chapter.4}% 35
\BOOKMARK [2][-]{subsection.4.3.1}{4.3.1 Benchmark Model}{section.4.3}% 36
\BOOKMARK [0][-]{chapter.5}{5 Maximization Problem: waiting for innovation level desired to be reached\)}{}% 37
\BOOKMARK [1][-]{section.5.1}{5.1 Introduction}{chapter.5}% 38
\BOOKMARK [1][-]{section.5.2}{5.2 One jump}{chapter.5}% 39
\BOOKMARK [1][-]{section.5.3}{5.3 Multiple jumps}{chapter.5}% 40
\BOOKMARK [1][-]{section.5.4}{5.4 Comparative Statics}{chapter.5}% 41
\BOOKMARK [0][-]{chapter.6}{6 Add und replace, woop-woop }{}% 42
\BOOKMARK [1][-]{section.6.1}{6.1 Numerical Model}{chapter.6}% 43
\BOOKMARK [1][-]{section.6.2}{6.2 Verification and Validation}{chapter.6}% 44
\BOOKMARK [0][-]{chapter.7}{7 Conclusions}{}% 45
\BOOKMARK [1][-]{section.7.1}{7.1 Achievements}{chapter.7}% 46
\BOOKMARK [1][-]{section.7.2}{7.2 Future Work}{chapter.7}% 47
\BOOKMARK [0][-]{section*.11}{Bibliography}{}% 48
\BOOKMARK [0][-]{appendix.A}{A Vector calculus}{}% 49
\BOOKMARK [1][-]{section.A.1}{A.1 Vector identities}{appendix.A}% 50
\BOOKMARK [0][-]{appendix.B}{B Technical Datasheets}{}% 51
\BOOKMARK [1][-]{section.B.1}{B.1 Some Datasheet}{appendix.B}% 52
